[2022-07-05 15:34:18.857] [jointLog] [info] setting maxHashResizeThreads to 8
[2022-07-05 15:34:18.857] [jointLog] [info] Fragment incompatibility prior below threshold.  Incompatible fragments will be ignored.
[2022-07-05 15:34:18.857] [jointLog] [info] Usage of --validateMappings implies use of minScoreFraction. Since not explicitly specified, it is being set to 0.65
[2022-07-05 15:34:18.857] [jointLog] [info] Setting consensusSlack to selective-alignment default of 0.35.
[2022-07-05 15:34:18.857] [jointLog] [info] parsing read library format
[2022-07-05 15:34:18.857] [jointLog] [info] There is 1 library.
[2022-07-05 15:34:18.872] [jointLog] [info] Loading pufferfish index
[2022-07-05 15:34:18.876] [jointLog] [info] Loading dense pufferfish index.
[2022-07-05 15:34:20.463] [jointLog] [info] done
[2022-07-05 15:34:20.524] [jointLog] [info] Index contained 43,193 targets
[2022-07-05 15:34:20.535] [jointLog] [info] Number of decoys : 0
[2022-07-05 15:34:21.675] [jointLog] [info] Automatically detected most likely library type as IU

[2022-07-05 15:34:59.406] [jointLog] [info] Computed 80,337 rich equivalence classes for further processing
[2022-07-05 15:34:59.406] [jointLog] [info] Counted 6,585,824 total reads in the equivalence classes 
[2022-07-05 15:34:59.410] [jointLog] [info] Number of mappings discarded because of alignment score : 4,297,123
[2022-07-05 15:34:59.410] [jointLog] [info] Number of fragments entirely discarded because of alignment score : 926,563
[2022-07-05 15:34:59.410] [jointLog] [info] Number of fragments discarded because they are best-mapped to decoys : 0
[2022-07-05 15:34:59.410] [jointLog] [info] Number of fragments discarded because they have only dovetail (discordant) mappings to valid targets : 550,243
[2022-07-05 15:34:59.410] [jointLog] [info] Mapping rate = 86.3769%

[2022-07-05 15:34:59.410] [jointLog] [info] finished quantifyLibrary()
[2022-07-05 15:34:59.426] [jointLog] [info] Starting optimizer
[2022-07-05 15:34:59.449] [jointLog] [info] Marked 0 weighted equivalence classes as degenerate
[2022-07-05 15:34:59.451] [jointLog] [info] iteration = 0 | max rel diff. = 8177.84
[2022-07-05 15:34:59.406] [fileLog] [info] 
At end of round 0
==================
Observed 7624523 total fragments (7624523 in most recent round)

[2022-07-05 15:34:59.689] [jointLog] [info] iteration = 100 | max rel diff. = 2.96866e-08
[2022-07-05 15:34:59.690] [jointLog] [info] Finished optimizer
[2022-07-05 15:34:59.690] [jointLog] [info] writing output 

