[2022-07-05 15:34:19.256] [jointLog] [info] setting maxHashResizeThreads to 8
[2022-07-05 15:34:19.256] [jointLog] [info] Fragment incompatibility prior below threshold.  Incompatible fragments will be ignored.
[2022-07-05 15:34:19.256] [jointLog] [info] Usage of --validateMappings implies use of minScoreFraction. Since not explicitly specified, it is being set to 0.65
[2022-07-05 15:34:19.256] [jointLog] [info] Setting consensusSlack to selective-alignment default of 0.35.
[2022-07-05 15:34:19.256] [jointLog] [info] parsing read library format
[2022-07-05 15:34:19.256] [jointLog] [info] There is 1 library.
[2022-07-05 15:34:19.267] [jointLog] [info] Loading pufferfish index
[2022-07-05 15:34:19.271] [jointLog] [info] Loading dense pufferfish index.
[2022-07-05 15:34:22.102] [jointLog] [info] done
[2022-07-05 15:34:22.147] [jointLog] [info] Index contained 12,920 targets
[2022-07-05 15:34:22.150] [jointLog] [info] Number of decoys : 0
[2022-07-05 15:34:22.713] [jointLog] [info] Automatically detected most likely library type as ISF

[2022-07-05 15:36:12.326] [jointLog] [info] Thread saw mini-batch with a maximum of 99.70% zero probability fragments
[2022-07-05 15:36:12.358] [jointLog] [info] Thread saw mini-batch with a maximum of 99.66% zero probability fragments
[2022-07-05 15:36:12.487] [jointLog] [info] Thread saw mini-batch with a maximum of 99.72% zero probability fragments
[2022-07-05 15:36:12.689] [jointLog] [info] Thread saw mini-batch with a maximum of 99.78% zero probability fragments
[2022-07-05 15:36:12.728] [jointLog] [info] Thread saw mini-batch with a maximum of 99.84% zero probability fragments
[2022-07-05 15:36:13.050] [jointLog] [info] Thread saw mini-batch with a maximum of 99.88% zero probability fragments
[2022-07-05 15:36:13.086] [jointLog] [info] Thread saw mini-batch with a maximum of 99.64% zero probability fragments
[2022-07-05 15:36:13.230] [jointLog] [info] Thread saw mini-batch with a maximum of 99.78% zero probability fragments
[2022-07-05 15:36:13.284] [jointLog] [info] Computed 31,192 rich equivalence classes for further processing
[2022-07-05 15:36:13.284] [jointLog] [info] Counted 14,776,083 total reads in the equivalence classes 
[2022-07-05 15:36:13.288] [jointLog] [info] Number of mappings discarded because of alignment score : 3,223,393
[2022-07-05 15:36:13.288] [jointLog] [info] Number of fragments entirely discarded because of alignment score : 1,855,891
[2022-07-05 15:36:13.288] [jointLog] [info] Number of fragments discarded because they are best-mapped to decoys : 0
[2022-07-05 15:36:13.288] [jointLog] [info] Number of fragments discarded because they have only dovetail (discordant) mappings to valid targets : 276,694
[2022-07-05 15:36:13.288] [jointLog] [info] Mapping rate = 47.1368%

[2022-07-05 15:36:13.288] [jointLog] [info] finished quantifyLibrary()
[2022-07-05 15:36:13.302] [jointLog] [info] Starting optimizer
[2022-07-05 15:36:13.311] [jointLog] [info] Marked 0 weighted equivalence classes as degenerate
[2022-07-05 15:36:13.313] [jointLog] [info] iteration = 0 | max rel diff. = 62694.8
[2022-07-05 15:36:13.407] [jointLog] [info] iteration = 100 | max rel diff. = 8.10884e-16
[2022-07-05 15:36:13.407] [jointLog] [info] Finished optimizer
[2022-07-05 15:36:13.407] [jointLog] [info] writing output 

[2022-07-05 15:36:13.285] [fileLog] [info] 
At end of round 0
==================
Observed 31347216 total fragments (31347216 in most recent round)

