[2022-07-05 15:34:18.494] [jointLog] [info] setting maxHashResizeThreads to 8
[2022-07-05 15:34:18.494] [jointLog] [info] Fragment incompatibility prior below threshold.  Incompatible fragments will be ignored.
[2022-07-05 15:34:18.494] [jointLog] [info] Usage of --validateMappings implies use of minScoreFraction. Since not explicitly specified, it is being set to 0.65
[2022-07-05 15:34:18.494] [jointLog] [info] Setting consensusSlack to selective-alignment default of 0.35.
[2022-07-05 15:34:18.494] [jointLog] [info] parsing read library format
[2022-07-05 15:34:18.494] [jointLog] [info] There is 1 library.
[2022-07-05 15:34:18.513] [jointLog] [info] Loading pufferfish index
[2022-07-05 15:34:18.520] [jointLog] [info] Loading dense pufferfish index.
[2022-07-05 15:34:20.325] [jointLog] [info] done
[2022-07-05 15:34:20.388] [jointLog] [info] Index contained 31,737 targets
[2022-07-05 15:34:20.396] [jointLog] [info] Number of decoys : 0
[2022-07-05 15:34:31.648] [jointLog] [info] Automatically detected most likely library type as IU

[2022-07-05 15:35:42.866] [jointLog] [info] Computed 48,695 rich equivalence classes for further processing
[2022-07-05 15:35:42.866] [jointLog] [info] Counted 538,429 total reads in the equivalence classes 
[2022-07-05 15:35:42.871] [jointLog] [warning] 0.233008% of fragments were shorter than the k used to build the index.
If this fraction is too large, consider re-building the index with a smaller k.
The minimum read size found was 20.


[2022-07-05 15:35:42.871] [jointLog] [info] Number of mappings discarded because of alignment score : 30,077,682
[2022-07-05 15:35:42.871] [jointLog] [info] Number of fragments entirely discarded because of alignment score : 313,195
[2022-07-05 15:35:42.871] [jointLog] [info] Number of fragments discarded because they are best-mapped to decoys : 0
[2022-07-05 15:35:42.871] [jointLog] [info] Number of fragments discarded because they have only dovetail (discordant) mappings to valid targets : 77,345
[2022-07-05 15:35:42.877] [jointLog] [warning] Only 538429 fragments were mapped, but the number of burn-in fragments was set to 5000000.
The effective lengths have been computed using the observed mappings.

[2022-07-05 15:35:42.877] [jointLog] [info] Mapping rate = 57.3393%

[2022-07-05 15:35:42.877] [jointLog] [info] finished quantifyLibrary()
[2022-07-05 15:35:42.884] [jointLog] [info] Starting optimizer
[2022-07-05 15:35:42.899] [jointLog] [info] Marked 0 weighted equivalence classes as degenerate
[2022-07-05 15:35:42.904] [jointLog] [info] iteration = 0 | max rel diff. = 1599.77
[2022-07-05 15:35:43.099] [jointLog] [info] iteration = 100 | max rel diff. = 9.0701e-09
[2022-07-05 15:35:43.100] [jointLog] [info] Finished optimizer
[2022-07-05 15:35:43.100] [jointLog] [info] writing output 

[2022-07-05 15:35:43.147] [jointLog] [warning] NOTE: Read Lib [[ /camp/lab/langhornej/working/HPC/littlet/tl22-01_vivaxDeNovo/bbduk/all_files/ERX2560132_ERR2541714_rR_rRNAdep.fq.1.gz, /camp/lab/langhornej/working/HPC/littlet/tl22-01_vivaxDeNovo/bbduk/all_files/ERX2560132_ERR2541714_rR_rRNAdep.fq.2.gz]] :

Detected a *potential* strand bias > 1% in an unstranded protocol check the file: /camp/lab/langhornej/working/HPC/littlet/tl22-01_vivaxDeNovo/salmon/all_files/ERX2560132_ERR2541714/ERX2560132_ERR2541714_quant/lib_format_counts.json for details

[2022-07-05 15:35:42.866] [fileLog] [info] 
At end of round 0
==================
Observed 939023 total fragments (939023 in most recent round)

