[2022-07-04 20:06:45.492] [jointLog] [info] setting maxHashResizeThreads to 8
[2022-07-04 20:06:45.492] [jointLog] [info] Fragment incompatibility prior below threshold.  Incompatible fragments will be ignored.
[2022-07-04 20:06:45.492] [jointLog] [info] Usage of --validateMappings implies use of minScoreFraction. Since not explicitly specified, it is being set to 0.65
[2022-07-04 20:06:45.493] [jointLog] [info] Setting consensusSlack to selective-alignment default of 0.35.
[2022-07-04 20:06:45.493] [jointLog] [info] parsing read library format
[2022-07-04 20:06:45.493] [jointLog] [info] There is 1 library.
[2022-07-04 20:06:45.501] [jointLog] [info] Loading pufferfish index
[2022-07-04 20:06:45.504] [jointLog] [info] Loading dense pufferfish index.
[2022-07-04 20:06:46.611] [jointLog] [info] done
[2022-07-04 20:06:46.667] [jointLog] [info] Index contained 21,538 targets
[2022-07-04 20:06:46.672] [jointLog] [info] Number of decoys : 0
[2022-07-04 20:06:47.047] [jointLog] [info] Automatically detected most likely library type as U

[2022-07-04 20:07:28.736] [jointLog] [info] Computed 25,831 rich equivalence classes for further processing
[2022-07-04 20:07:28.736] [jointLog] [info] Counted 32,748,655 total reads in the equivalence classes 
[2022-07-04 20:07:28.740] [jointLog] [info] Number of mappings discarded because of alignment score : 13,526,639
[2022-07-04 20:07:28.740] [jointLog] [info] Number of fragments entirely discarded because of alignment score : 731,788
[2022-07-04 20:07:28.740] [jointLog] [info] Number of fragments discarded because they are best-mapped to decoys : 0
[2022-07-04 20:07:28.740] [jointLog] [info] Number of fragments discarded because they have only dovetail (discordant) mappings to valid targets : 0
[2022-07-04 20:07:28.740] [jointLog] [info] Mapping rate = 94.9782%

[2022-07-04 20:07:28.740] [jointLog] [info] finished quantifyLibrary()
[2022-07-04 20:07:28.749] [jointLog] [info] Starting optimizer
[2022-07-04 20:07:28.758] [jointLog] [info] Marked 0 weighted equivalence classes as degenerate
[2022-07-04 20:07:28.759] [jointLog] [info] iteration = 0 | max rel diff. = 6809.3
[2022-07-04 20:07:28.853] [jointLog] [info] iteration = 100 | max rel diff. = 3.45603e-14
[2022-07-04 20:07:28.853] [jointLog] [info] Finished optimizer
[2022-07-04 20:07:28.853] [jointLog] [info] writing output 

[2022-07-04 20:07:28.736] [fileLog] [info] 
At end of round 0
==================
Observed 34480167 total fragments (34480167 in most recent round)

