[2022-07-04 19:49:22.789] [jointLog] [info] setting maxHashResizeThreads to 8
[2022-07-04 19:49:22.789] [jointLog] [info] Fragment incompatibility prior below threshold.  Incompatible fragments will be ignored.
[2022-07-04 19:49:22.789] [jointLog] [info] Usage of --validateMappings implies use of minScoreFraction. Since not explicitly specified, it is being set to 0.65
[2022-07-04 19:49:22.789] [jointLog] [info] Setting consensusSlack to selective-alignment default of 0.35.
[2022-07-04 19:49:22.789] [jointLog] [info] parsing read library format
[2022-07-04 19:49:22.789] [jointLog] [info] There is 1 library.
[2022-07-04 19:49:22.800] [jointLog] [info] Loading pufferfish index
[2022-07-04 19:49:22.810] [jointLog] [info] Loading dense pufferfish index.
[2022-07-04 19:49:24.904] [jointLog] [info] done
[2022-07-04 19:49:24.966] [jointLog] [info] Index contained 6,618 targets
[2022-07-04 19:49:24.967] [jointLog] [info] Number of decoys : 0
[2022-07-04 19:49:28.555] [jointLog] [info] Thread saw mini-batch with a maximum of 36.44% zero probability fragments
[2022-07-04 19:49:28.555] [jointLog] [info] Thread saw mini-batch with a maximum of 36.36% zero probability fragments
[2022-07-04 19:49:28.555] [jointLog] [info] Thread saw mini-batch with a maximum of 35.96% zero probability fragments
[2022-07-04 19:49:28.555] [jointLog] [info] Thread saw mini-batch with a maximum of 36.34% zero probability fragments
[2022-07-04 19:49:28.558] [jointLog] [info] Thread saw mini-batch with a maximum of 36.30% zero probability fragments
[2022-07-04 19:49:28.563] [jointLog] [info] Thread saw mini-batch with a maximum of 36.44% zero probability fragments
[2022-07-04 19:49:28.570] [jointLog] [info] Thread saw mini-batch with a maximum of 35.40% zero probability fragments
[2022-07-04 19:49:28.580] [jointLog] [info] Thread saw mini-batch with a maximum of 36.80% zero probability fragments
[2022-07-04 19:49:28.622] [jointLog] [info] Computed 4,168 rich equivalence classes for further processing
[2022-07-04 19:49:28.622] [jointLog] [info] Counted 297,030 total reads in the equivalence classes 
[2022-07-04 19:49:28.627] [jointLog] [info] Number of mappings discarded because of alignment score : 52,922
[2022-07-04 19:49:28.627] [jointLog] [info] Number of fragments entirely discarded because of alignment score : 19,791
[2022-07-04 19:49:28.627] [jointLog] [info] Number of fragments discarded because they are best-mapped to decoys : 0
[2022-07-04 19:49:28.627] [jointLog] [info] Number of fragments discarded because they have only dovetail (discordant) mappings to valid targets : 9,239
[2022-07-04 19:49:28.628] [jointLog] [warning] Only 297030 fragments were mapped, but the number of burn-in fragments was set to 5000000.
The effective lengths have been computed using the observed mappings.

[2022-07-04 19:49:28.628] [jointLog] [info] Mapping rate = 39.5743%

[2022-07-04 19:49:28.628] [jointLog] [info] finished quantifyLibrary()
[2022-07-04 19:49:28.641] [jointLog] [info] Starting optimizer
[2022-07-04 19:49:28.645] [jointLog] [info] Marked 0 weighted equivalence classes as degenerate
[2022-07-04 19:49:28.646] [jointLog] [info] iteration = 0 | max rel diff. = 502.312
[2022-07-04 19:49:28.673] [jointLog] [info] iteration = 100 | max rel diff. = 2.20695e-16
[2022-07-04 19:49:28.673] [jointLog] [info] Finished optimizer
[2022-07-04 19:49:28.673] [jointLog] [info] writing output 

[2022-07-04 19:49:28.623] [fileLog] [info] 
At end of round 0
==================
Observed 750563 total fragments (750563 in most recent round)

