[2022-07-04 19:49:15.578] [jointLog] [info] setting maxHashResizeThreads to 8
[2022-07-04 19:49:15.578] [jointLog] [info] Fragment incompatibility prior below threshold.  Incompatible fragments will be ignored.
[2022-07-04 19:49:15.578] [jointLog] [info] Usage of --validateMappings implies use of minScoreFraction. Since not explicitly specified, it is being set to 0.65
[2022-07-04 19:49:15.578] [jointLog] [info] Setting consensusSlack to selective-alignment default of 0.35.
[2022-07-04 19:49:15.578] [jointLog] [info] parsing read library format
[2022-07-04 19:49:15.578] [jointLog] [info] There is 1 library.
[2022-07-04 19:49:15.603] [jointLog] [info] Loading pufferfish index
[2022-07-04 19:49:15.608] [jointLog] [info] Loading dense pufferfish index.
[2022-07-04 19:49:17.987] [jointLog] [info] done
[2022-07-04 19:49:18.068] [jointLog] [info] Index contained 16,227 targets
[2022-07-04 19:49:18.073] [jointLog] [info] Number of decoys : 0
[2022-07-04 19:49:21.396] [jointLog] [info] Thread saw mini-batch with a maximum of 47.54% zero probability fragments
[2022-07-04 19:49:21.396] [jointLog] [info] Thread saw mini-batch with a maximum of 47.12% zero probability fragments
[2022-07-04 19:49:21.397] [jointLog] [info] Thread saw mini-batch with a maximum of 46.98% zero probability fragments
[2022-07-04 19:49:21.407] [jointLog] [info] Thread saw mini-batch with a maximum of 47.00% zero probability fragments
[2022-07-04 19:49:21.408] [jointLog] [info] Thread saw mini-batch with a maximum of 47.52% zero probability fragments
[2022-07-04 19:49:21.411] [jointLog] [info] Thread saw mini-batch with a maximum of 47.10% zero probability fragments
[2022-07-04 19:49:21.418] [jointLog] [info] Thread saw mini-batch with a maximum of 46.96% zero probability fragments
[2022-07-04 19:49:21.424] [jointLog] [info] Thread saw mini-batch with a maximum of 47.92% zero probability fragments
[2022-07-04 19:49:21.472] [jointLog] [info] Computed 10,272 rich equivalence classes for further processing
[2022-07-04 19:49:21.472] [jointLog] [info] Counted 622,227 total reads in the equivalence classes 
[2022-07-04 19:49:21.476] [jointLog] [info] Number of mappings discarded because of alignment score : 70,160
[2022-07-04 19:49:21.476] [jointLog] [info] Number of fragments entirely discarded because of alignment score : 35,157
[2022-07-04 19:49:21.476] [jointLog] [info] Number of fragments discarded because they are best-mapped to decoys : 0
[2022-07-04 19:49:21.476] [jointLog] [info] Number of fragments discarded because they have only dovetail (discordant) mappings to valid targets : 12,520
[2022-07-04 19:49:21.478] [jointLog] [warning] Only 622227 fragments were mapped, but the number of burn-in fragments was set to 5000000.
The effective lengths have been computed using the observed mappings.

[2022-07-04 19:49:21.478] [jointLog] [info] Mapping rate = 40.3615%

[2022-07-04 19:49:21.478] [jointLog] [info] finished quantifyLibrary()
[2022-07-04 19:49:21.499] [jointLog] [info] Starting optimizer
[2022-07-04 19:49:21.506] [jointLog] [info] Marked 0 weighted equivalence classes as degenerate
[2022-07-04 19:49:21.506] [jointLog] [info] iteration = 0 | max rel diff. = 3580.37
[2022-07-04 19:49:21.563] [jointLog] [info] iteration = 100 | max rel diff. = 9.21172e-06
[2022-07-04 19:49:21.564] [jointLog] [info] Finished optimizer
[2022-07-04 19:49:21.564] [jointLog] [info] writing output 

[2022-07-04 19:49:21.472] [fileLog] [info] 
At end of round 0
==================
Observed 1541636 total fragments (1541636 in most recent round)

