[2022-07-01 18:20:40.925] [jointLog] [info] setting maxHashResizeThreads to 8
[2022-07-01 18:20:40.925] [jointLog] [info] Fragment incompatibility prior below threshold.  Incompatible fragments will be ignored.
[2022-07-01 18:20:40.925] [jointLog] [info] Usage of --validateMappings implies use of minScoreFraction. Since not explicitly specified, it is being set to 0.65
[2022-07-01 18:20:40.925] [jointLog] [info] Setting consensusSlack to selective-alignment default of 0.35.
[2022-07-01 18:20:40.925] [jointLog] [info] parsing read library format
[2022-07-01 18:20:40.926] [jointLog] [info] There is 1 library.
[2022-07-01 18:20:40.926] [jointLog] [info] Loading pufferfish index
[2022-07-01 18:20:40.926] [jointLog] [info] Loading dense pufferfish index.
[2022-07-01 18:20:41.054] [jointLog] [info] done
[2022-07-01 18:20:41.103] [jointLog] [info] Index contained 20,815 targets
[2022-07-01 18:20:41.110] [jointLog] [info] Number of decoys : 0
[2022-07-01 18:20:41.587] [jointLog] [info] Automatically detected most likely library type as IU

[2022-07-01 18:20:59.109] [fileLog] [info] 
At end of round 0
==================
Observed 4589513 total fragments (4589513 in most recent round)

[2022-07-01 18:20:59.108] [jointLog] [info] Computed 19,767 rich equivalence classes for further processing
[2022-07-01 18:20:59.108] [jointLog] [info] Counted 4,245,257 total reads in the equivalence classes 
[2022-07-01 18:20:59.113] [jointLog] [info] Number of mappings discarded because of alignment score : 1,204,805
[2022-07-01 18:20:59.113] [jointLog] [info] Number of fragments entirely discarded because of alignment score : 340,200
[2022-07-01 18:20:59.113] [jointLog] [info] Number of fragments discarded because they are best-mapped to decoys : 0
[2022-07-01 18:20:59.113] [jointLog] [info] Number of fragments discarded because they have only dovetail (discordant) mappings to valid targets : 70,429
[2022-07-01 18:20:59.114] [jointLog] [warning] Only 4245257 fragments were mapped, but the number of burn-in fragments was set to 5000000.
The effective lengths have been computed using the observed mappings.

[2022-07-01 18:20:59.114] [jointLog] [info] Mapping rate = 92.4991%

[2022-07-01 18:20:59.114] [jointLog] [info] finished quantifyLibrary()
[2022-07-01 18:20:59.118] [jointLog] [info] Starting optimizer
[2022-07-01 18:20:59.127] [jointLog] [info] Marked 0 weighted equivalence classes as degenerate
[2022-07-01 18:20:59.128] [jointLog] [info] iteration = 0 | max rel diff. = 16751.3
[2022-07-01 18:20:59.212] [jointLog] [info] iteration = 100 | max rel diff. = 2.31744e-10
[2022-07-01 18:20:59.214] [jointLog] [info] Finished optimizer
[2022-07-01 18:20:59.214] [jointLog] [info] writing output 

