[2022-07-05 15:34:19.262] [jointLog] [info] setting maxHashResizeThreads to 8
[2022-07-05 15:34:19.262] [jointLog] [info] Fragment incompatibility prior below threshold.  Incompatible fragments will be ignored.
[2022-07-05 15:34:19.262] [jointLog] [info] Usage of --validateMappings implies use of minScoreFraction. Since not explicitly specified, it is being set to 0.65
[2022-07-05 15:34:19.262] [jointLog] [info] Setting consensusSlack to selective-alignment default of 0.35.
[2022-07-05 15:34:19.262] [jointLog] [info] parsing read library format
[2022-07-05 15:34:19.262] [jointLog] [info] There is 1 library.
[2022-07-05 15:34:19.284] [jointLog] [info] Loading pufferfish index
[2022-07-05 15:34:19.288] [jointLog] [info] Loading dense pufferfish index.
[2022-07-05 15:34:21.472] [jointLog] [info] done
[2022-07-05 15:34:21.581] [jointLog] [info] Index contained 81,470 targets
[2022-07-05 15:34:21.615] [jointLog] [info] Number of decoys : 0
[2022-07-05 15:34:31.352] [jointLog] [info] Automatically detected most likely library type as IU

[2022-07-05 15:35:55.526] [jointLog] [info] Computed 96,917 rich equivalence classes for further processing
[2022-07-05 15:35:55.526] [jointLog] [info] Counted 662,456 total reads in the equivalence classes 
[2022-07-05 15:35:55.532] [jointLog] [warning] 0.178572% of fragments were shorter than the k used to build the index.
If this fraction is too large, consider re-building the index with a smaller k.
The minimum read size found was 20.


[2022-07-05 15:35:55.532] [jointLog] [info] Number of mappings discarded because of alignment score : 17,393,053
[2022-07-05 15:35:55.532] [jointLog] [info] Number of fragments entirely discarded because of alignment score : 421,634
[2022-07-05 15:35:55.532] [jointLog] [info] Number of fragments discarded because they are best-mapped to decoys : 0
[2022-07-05 15:35:55.532] [jointLog] [info] Number of fragments discarded because they have only dovetail (discordant) mappings to valid targets : 120,421
[2022-07-05 15:35:55.546] [jointLog] [warning] Only 662456 fragments were mapped, but the number of burn-in fragments was set to 5000000.
The effective lengths have been computed using the observed mappings.

[2022-07-05 15:35:55.546] [jointLog] [info] Mapping rate = 50.4892%

[2022-07-05 15:35:55.546] [jointLog] [info] finished quantifyLibrary()
[2022-07-05 15:35:55.549] [jointLog] [info] Starting optimizer
[2022-07-05 15:35:55.605] [jointLog] [info] Marked 0 weighted equivalence classes as degenerate
[2022-07-05 15:35:55.610] [jointLog] [info] iteration = 0 | max rel diff. = 786.523
[2022-07-05 15:35:55.527] [fileLog] [info] 
At end of round 0
==================
Observed 1312074 total fragments (1312074 in most recent round)

[2022-07-05 15:35:55.998] [jointLog] [info] iteration = 100 | max rel diff. = 4.65204e-07
[2022-07-05 15:35:56.002] [jointLog] [info] Finished optimizer
[2022-07-05 15:35:56.002] [jointLog] [info] writing output 

[2022-07-05 15:35:56.140] [jointLog] [warning] NOTE: Read Lib [[ /camp/lab/langhornej/working/HPC/littlet/tl22-01_vivaxDeNovo/bbduk/all_files/ERX2560133_ERR2541715_rR_rRNAdep.fq.1.gz, /camp/lab/langhornej/working/HPC/littlet/tl22-01_vivaxDeNovo/bbduk/all_files/ERX2560133_ERR2541715_rR_rRNAdep.fq.2.gz]] :

Detected a *potential* strand bias > 1% in an unstranded protocol check the file: /camp/lab/langhornej/working/HPC/littlet/tl22-01_vivaxDeNovo/salmon/all_files/ERX2560133_ERR2541715/ERX2560133_ERR2541715_quant/lib_format_counts.json for details

