[2022-07-04 19:49:31.004] [jointLog] [info] setting maxHashResizeThreads to 8
[2022-07-04 19:49:31.004] [jointLog] [info] Fragment incompatibility prior below threshold.  Incompatible fragments will be ignored.
[2022-07-04 19:49:31.004] [jointLog] [info] Usage of --validateMappings implies use of minScoreFraction. Since not explicitly specified, it is being set to 0.65
[2022-07-04 19:49:31.004] [jointLog] [info] Setting consensusSlack to selective-alignment default of 0.35.
[2022-07-04 19:49:31.004] [jointLog] [info] parsing read library format
[2022-07-04 19:49:31.004] [jointLog] [info] There is 1 library.
[2022-07-04 19:49:31.015] [jointLog] [info] Loading pufferfish index
[2022-07-04 19:49:31.018] [jointLog] [info] Loading dense pufferfish index.
[2022-07-04 19:49:31.283] [jointLog] [info] done
[2022-07-04 19:49:31.338] [jointLog] [info] Index contained 5,743 targets
[2022-07-04 19:49:31.339] [jointLog] [info] Number of decoys : 0
[2022-07-04 19:49:32.287] [jointLog] [info] Thread saw mini-batch with a maximum of 35.86% zero probability fragments
[2022-07-04 19:49:32.287] [jointLog] [info] Thread saw mini-batch with a maximum of 38.28% zero probability fragments
[2022-07-04 19:49:32.287] [jointLog] [info] Thread saw mini-batch with a maximum of 36.12% zero probability fragments
[2022-07-04 19:49:32.288] [jointLog] [info] Thread saw mini-batch with a maximum of 43.20% zero probability fragments
[2022-07-04 19:49:32.305] [jointLog] [info] Thread saw mini-batch with a maximum of 34.30% zero probability fragments
[2022-07-04 19:49:32.311] [jointLog] [info] Thread saw mini-batch with a maximum of 35.52% zero probability fragments
[2022-07-04 19:49:32.318] [jointLog] [info] Thread saw mini-batch with a maximum of 34.28% zero probability fragments
[2022-07-04 19:49:32.322] [jointLog] [info] Thread saw mini-batch with a maximum of 35.68% zero probability fragments
[2022-07-04 19:49:32.363] [jointLog] [info] Computed 1,150 rich equivalence classes for further processing
[2022-07-04 19:49:32.363] [jointLog] [info] Counted 67,007 total reads in the equivalence classes 
[2022-07-04 19:49:32.367] [jointLog] [info] Number of mappings discarded because of alignment score : 104,729
[2022-07-04 19:49:32.367] [jointLog] [info] Number of fragments entirely discarded because of alignment score : 17,543
[2022-07-04 19:49:32.367] [jointLog] [info] Number of fragments discarded because they are best-mapped to decoys : 0
[2022-07-04 19:49:32.367] [jointLog] [info] Number of fragments discarded because they have only dovetail (discordant) mappings to valid targets : 11,280
[2022-07-04 19:49:32.368] [jointLog] [warning] Only 67007 fragments were mapped, but the number of burn-in fragments was set to 5000000.
The effective lengths have been computed using the observed mappings.

[2022-07-04 19:49:32.368] [jointLog] [info] Mapping rate = 40.5796%

[2022-07-04 19:49:32.368] [jointLog] [info] finished quantifyLibrary()
[2022-07-04 19:49:32.376] [jointLog] [info] Starting optimizer
[2022-07-04 19:49:32.379] [jointLog] [info] Marked 0 weighted equivalence classes as degenerate
[2022-07-04 19:49:32.379] [jointLog] [info] iteration = 0 | max rel diff. = 646.902
[2022-07-04 19:49:32.400] [jointLog] [info] iteration = 100 | max rel diff. = 4.25769e-16
[2022-07-04 19:49:32.400] [jointLog] [info] Finished optimizer
[2022-07-04 19:49:32.400] [jointLog] [info] writing output 

[2022-07-04 19:49:32.364] [fileLog] [info] 
At end of round 0
==================
Observed 165125 total fragments (165125 in most recent round)

