[2022-07-04 19:49:22.268] [jointLog] [info] setting maxHashResizeThreads to 8
[2022-07-04 19:49:22.268] [jointLog] [info] Fragment incompatibility prior below threshold.  Incompatible fragments will be ignored.
[2022-07-04 19:49:22.268] [jointLog] [info] Usage of --validateMappings implies use of minScoreFraction. Since not explicitly specified, it is being set to 0.65
[2022-07-04 19:49:22.268] [jointLog] [info] Setting consensusSlack to selective-alignment default of 0.35.
[2022-07-04 19:49:22.268] [jointLog] [info] parsing read library format
[2022-07-04 19:49:22.268] [jointLog] [info] There is 1 library.
[2022-07-04 19:49:22.280] [jointLog] [info] Loading pufferfish index
[2022-07-04 19:49:22.281] [jointLog] [info] Loading dense pufferfish index.
[2022-07-04 19:49:24.852] [jointLog] [info] done
[2022-07-04 19:49:24.928] [jointLog] [info] Index contained 16,227 targets
[2022-07-04 19:49:24.933] [jointLog] [info] Number of decoys : 0
[2022-07-04 19:49:26.291] [fileLog] [info] 
At end of round 0
==================
Observed 228290 total fragments (228290 in most recent round)

[2022-07-04 19:49:26.217] [jointLog] [info] Thread saw mini-batch with a maximum of 35.66% zero probability fragments
[2022-07-04 19:49:26.217] [jointLog] [info] Thread saw mini-batch with a maximum of 34.82% zero probability fragments
[2022-07-04 19:49:26.217] [jointLog] [info] Thread saw mini-batch with a maximum of 33.74% zero probability fragments
[2022-07-04 19:49:26.217] [jointLog] [info] Thread saw mini-batch with a maximum of 35.26% zero probability fragments
[2022-07-04 19:49:26.222] [jointLog] [info] Thread saw mini-batch with a maximum of 34.56% zero probability fragments
[2022-07-04 19:49:26.240] [jointLog] [info] Thread saw mini-batch with a maximum of 35.10% zero probability fragments
[2022-07-04 19:49:26.241] [jointLog] [info] Thread saw mini-batch with a maximum of 34.98% zero probability fragments
[2022-07-04 19:49:26.249] [jointLog] [info] Thread saw mini-batch with a maximum of 35.22% zero probability fragments
[2022-07-04 19:49:26.290] [jointLog] [info] Computed 1,791 rich equivalence classes for further processing
[2022-07-04 19:49:26.290] [jointLog] [info] Counted 92,431 total reads in the equivalence classes 
[2022-07-04 19:49:26.294] [jointLog] [info] Number of mappings discarded because of alignment score : 82,524
[2022-07-04 19:49:26.294] [jointLog] [info] Number of fragments entirely discarded because of alignment score : 21,413
[2022-07-04 19:49:26.294] [jointLog] [info] Number of fragments discarded because they are best-mapped to decoys : 0
[2022-07-04 19:49:26.294] [jointLog] [info] Number of fragments discarded because they have only dovetail (discordant) mappings to valid targets : 18,464
[2022-07-04 19:49:26.295] [jointLog] [warning] Only 92431 fragments were mapped, but the number of burn-in fragments was set to 5000000.
The effective lengths have been computed using the observed mappings.

[2022-07-04 19:49:26.295] [jointLog] [info] Mapping rate = 40.4884%

[2022-07-04 19:49:26.295] [jointLog] [info] finished quantifyLibrary()
[2022-07-04 19:49:26.306] [jointLog] [info] Starting optimizer
[2022-07-04 19:49:26.311] [jointLog] [info] Marked 0 weighted equivalence classes as degenerate
[2022-07-04 19:49:26.312] [jointLog] [info] iteration = 0 | max rel diff. = 456.226
[2022-07-04 19:49:26.361] [jointLog] [info] iteration = 100 | max rel diff. = 1.10785e-06
[2022-07-04 19:49:26.362] [jointLog] [info] Finished optimizer
[2022-07-04 19:49:26.362] [jointLog] [info] writing output 

