[2022-07-01 18:11:34.854] [jointLog] [info] setting maxHashResizeThreads to 8
[2022-07-01 18:11:34.854] [jointLog] [info] Fragment incompatibility prior below threshold.  Incompatible fragments will be ignored.
[2022-07-01 18:11:34.854] [jointLog] [info] Usage of --validateMappings implies use of minScoreFraction. Since not explicitly specified, it is being set to 0.65
[2022-07-01 18:11:34.854] [jointLog] [info] Setting consensusSlack to selective-alignment default of 0.35.
[2022-07-01 18:11:34.854] [jointLog] [info] parsing read library format
[2022-07-01 18:11:34.854] [jointLog] [info] There is 1 library.
[2022-07-01 18:11:34.854] [jointLog] [info] Loading pufferfish index
[2022-07-01 18:11:34.854] [jointLog] [info] Loading dense pufferfish index.
[2022-07-01 18:11:35.068] [jointLog] [info] done
[2022-07-01 18:11:35.109] [jointLog] [info] Index contained 91,133 targets
[2022-07-01 18:11:35.129] [jointLog] [info] Number of decoys : 0
[2022-07-01 18:11:35.443] [jointLog] [info] Automatically detected most likely library type as IU

[2022-07-01 18:13:07.964] [fileLog] [info] 
At end of round 0
==================
Observed 41571269 total fragments (41571269 in most recent round)

[2022-07-01 18:13:07.964] [jointLog] [info] Computed 155,591 rich equivalence classes for further processing
[2022-07-01 18:13:07.964] [jointLog] [info] Counted 39,811,279 total reads in the equivalence classes 
[2022-07-01 18:13:07.968] [jointLog] [info] Number of mappings discarded because of alignment score : 2,492,940
[2022-07-01 18:13:07.968] [jointLog] [info] Number of fragments entirely discarded because of alignment score : 1,587,963
[2022-07-01 18:13:07.968] [jointLog] [info] Number of fragments discarded because they are best-mapped to decoys : 0
[2022-07-01 18:13:07.968] [jointLog] [info] Number of fragments discarded because they have only dovetail (discordant) mappings to valid targets : 75,782
[2022-07-01 18:13:07.968] [jointLog] [info] Mapping rate = 95.7663%

[2022-07-01 18:13:07.968] [jointLog] [info] finished quantifyLibrary()
[2022-07-01 18:13:07.970] [jointLog] [info] Starting optimizer
[2022-07-01 18:13:08.013] [jointLog] [info] Marked 0 weighted equivalence classes as degenerate
[2022-07-01 18:13:08.017] [jointLog] [info] iteration = 0 | max rel diff. = 8622.47
[2022-07-01 18:13:08.415] [jointLog] [info] iteration = 100 | max rel diff. = 0.00393632
[2022-07-01 18:13:08.418] [jointLog] [info] Finished optimizer
[2022-07-01 18:13:08.418] [jointLog] [info] writing output 

[2022-07-01 18:13:08.558] [jointLog] [warning] NOTE: Read Lib [[ /camp/lab/langhornej/working/HPC/littlet/tl22-01_vivaxDeNovo/bbduk/all_files/SRX5259276_SRR8452527_rR_rRNAdep.fq.1.gz, /camp/lab/langhornej/working/HPC/littlet/tl22-01_vivaxDeNovo/bbduk/all_files/SRX5259276_SRR8452527_rR_rRNAdep.fq.2.gz]] :

Detected a *potential* strand bias > 1% in an unstranded protocol check the file: /camp/lab/langhornej/working/HPC/littlet/tl22-01_vivaxDeNovo/salmon/all_files/SRX5259276_SRR8452527/SRX5259276_SRR8452527_quant/lib_format_counts.json for details

