[2022-07-04 19:49:29.242] [jointLog] [info] setting maxHashResizeThreads to 8
[2022-07-04 19:49:29.242] [jointLog] [info] Fragment incompatibility prior below threshold.  Incompatible fragments will be ignored.
[2022-07-04 19:49:29.242] [jointLog] [info] Usage of --validateMappings implies use of minScoreFraction. Since not explicitly specified, it is being set to 0.65
[2022-07-04 19:49:29.242] [jointLog] [info] Setting consensusSlack to selective-alignment default of 0.35.
[2022-07-04 19:49:29.242] [jointLog] [info] parsing read library format
[2022-07-04 19:49:29.243] [jointLog] [info] There is 1 library.
[2022-07-04 19:49:29.256] [jointLog] [info] Loading pufferfish index
[2022-07-04 19:49:29.256] [jointLog] [info] Loading dense pufferfish index.
[2022-07-04 19:49:30.953] [jointLog] [info] done
[2022-07-04 19:49:31.016] [jointLog] [info] Index contained 15,137 targets
[2022-07-04 19:49:31.020] [jointLog] [info] Number of decoys : 0
[2022-07-04 19:49:36.343] [fileLog] [info] 
At end of round 0
==================
Observed 2569449 total fragments (2569449 in most recent round)

[2022-07-04 19:49:36.256] [jointLog] [info] Thread saw mini-batch with a maximum of 47.56% zero probability fragments
[2022-07-04 19:49:36.257] [jointLog] [info] Thread saw mini-batch with a maximum of 47.98% zero probability fragments
[2022-07-04 19:49:36.257] [jointLog] [info] Thread saw mini-batch with a maximum of 46.94% zero probability fragments
[2022-07-04 19:49:36.258] [jointLog] [info] Thread saw mini-batch with a maximum of 47.56% zero probability fragments
[2022-07-04 19:49:36.269] [jointLog] [info] Thread saw mini-batch with a maximum of 47.42% zero probability fragments
[2022-07-04 19:49:36.279] [jointLog] [info] Thread saw mini-batch with a maximum of 47.22% zero probability fragments
[2022-07-04 19:49:36.288] [jointLog] [info] Thread saw mini-batch with a maximum of 47.06% zero probability fragments
[2022-07-04 19:49:36.289] [jointLog] [info] Thread saw mini-batch with a maximum of 47.50% zero probability fragments
[2022-07-04 19:49:36.342] [jointLog] [info] Computed 10,895 rich equivalence classes for further processing
[2022-07-04 19:49:36.342] [jointLog] [info] Counted 1,175,474 total reads in the equivalence classes 
[2022-07-04 19:49:36.347] [jointLog] [info] Number of mappings discarded because of alignment score : 144,139
[2022-07-04 19:49:36.347] [jointLog] [info] Number of fragments entirely discarded because of alignment score : 66,347
[2022-07-04 19:49:36.347] [jointLog] [info] Number of fragments discarded because they are best-mapped to decoys : 0
[2022-07-04 19:49:36.347] [jointLog] [info] Number of fragments discarded because they have only dovetail (discordant) mappings to valid targets : 26,783
[2022-07-04 19:49:36.349] [jointLog] [warning] Only 1175474 fragments were mapped, but the number of burn-in fragments was set to 5000000.
The effective lengths have been computed using the observed mappings.

[2022-07-04 19:49:36.349] [jointLog] [info] Mapping rate = 45.7481%

[2022-07-04 19:49:36.349] [jointLog] [info] finished quantifyLibrary()
[2022-07-04 19:49:36.359] [jointLog] [info] Starting optimizer
[2022-07-04 19:49:36.368] [jointLog] [info] Marked 0 weighted equivalence classes as degenerate
[2022-07-04 19:49:36.369] [jointLog] [info] iteration = 0 | max rel diff. = 6053.08
[2022-07-04 19:49:36.430] [jointLog] [info] iteration = 100 | max rel diff. = 5.83772e-15
[2022-07-04 19:49:36.432] [jointLog] [info] Finished optimizer
[2022-07-04 19:49:36.432] [jointLog] [info] writing output 

