[2022-07-04 19:49:14.765] [jointLog] [info] setting maxHashResizeThreads to 8
[2022-07-04 19:49:14.765] [jointLog] [info] Fragment incompatibility prior below threshold.  Incompatible fragments will be ignored.
[2022-07-04 19:49:14.765] [jointLog] [info] Usage of --validateMappings implies use of minScoreFraction. Since not explicitly specified, it is being set to 0.65
[2022-07-04 19:49:14.765] [jointLog] [info] Setting consensusSlack to selective-alignment default of 0.35.
[2022-07-04 19:49:14.765] [jointLog] [info] parsing read library format
[2022-07-04 19:49:14.765] [jointLog] [info] There is 1 library.
[2022-07-04 19:49:14.792] [jointLog] [info] Loading pufferfish index
[2022-07-04 19:49:14.805] [jointLog] [info] Loading dense pufferfish index.
[2022-07-04 19:49:15.516] [jointLog] [info] done
[2022-07-04 19:49:15.606] [jointLog] [info] Index contained 6,703 targets
[2022-07-04 19:49:15.608] [jointLog] [info] Number of decoys : 0
[2022-07-04 19:49:41.436] [jointLog] [info] Thread saw mini-batch with a maximum of 28.50% zero probability fragments
[2022-07-04 19:49:41.436] [jointLog] [info] Thread saw mini-batch with a maximum of 29.16% zero probability fragments
[2022-07-04 19:49:41.436] [jointLog] [info] Thread saw mini-batch with a maximum of 28.84% zero probability fragments
[2022-07-04 19:49:41.436] [jointLog] [info] Thread saw mini-batch with a maximum of 28.26% zero probability fragments
[2022-07-04 19:49:41.440] [jointLog] [info] Thread saw mini-batch with a maximum of 28.38% zero probability fragments
[2022-07-04 19:49:41.448] [jointLog] [info] Thread saw mini-batch with a maximum of 28.58% zero probability fragments
[2022-07-04 19:49:41.457] [jointLog] [info] Thread saw mini-batch with a maximum of 28.38% zero probability fragments
[2022-07-04 19:49:41.459] [jointLog] [info] Thread saw mini-batch with a maximum of 28.48% zero probability fragments
[2022-07-04 19:49:41.506] [jointLog] [info] Computed 5,447 rich equivalence classes for further processing
[2022-07-04 19:49:41.506] [jointLog] [info] Counted 4,816,673 total reads in the equivalence classes 
[2022-07-04 19:49:41.510] [jointLog] [info] Number of mappings discarded because of alignment score : 363,309
[2022-07-04 19:49:41.510] [jointLog] [info] Number of fragments entirely discarded because of alignment score : 242,803
[2022-07-04 19:49:41.510] [jointLog] [info] Number of fragments discarded because they are best-mapped to decoys : 0
[2022-07-04 19:49:41.510] [jointLog] [info] Number of fragments discarded because they have only dovetail (discordant) mappings to valid targets : 54,638
[2022-07-04 19:49:41.511] [jointLog] [warning] Only 4816673 fragments were mapped, but the number of burn-in fragments was set to 5000000.
The effective lengths have been computed using the observed mappings.

[2022-07-04 19:49:41.511] [jointLog] [info] Mapping rate = 32.7233%

[2022-07-04 19:49:41.511] [jointLog] [info] finished quantifyLibrary()
[2022-07-04 19:49:41.524] [jointLog] [info] Starting optimizer
[2022-07-04 19:49:41.529] [jointLog] [info] Marked 0 weighted equivalence classes as degenerate
[2022-07-04 19:49:41.529] [jointLog] [info] iteration = 0 | max rel diff. = 42213
[2022-07-04 19:49:41.559] [jointLog] [info] iteration = 100 | max rel diff. = 4.02032e-16
[2022-07-04 19:49:41.559] [jointLog] [info] Finished optimizer
[2022-07-04 19:49:41.559] [jointLog] [info] writing output 

[2022-07-04 19:49:41.506] [fileLog] [info] 
At end of round 0
==================
Observed 14719398 total fragments (14719398 in most recent round)

