[2022-07-01 18:21:00.619] [jointLog] [info] setting maxHashResizeThreads to 8
[2022-07-01 18:21:00.619] [jointLog] [info] Fragment incompatibility prior below threshold.  Incompatible fragments will be ignored.
[2022-07-01 18:21:00.619] [jointLog] [info] Usage of --validateMappings implies use of minScoreFraction. Since not explicitly specified, it is being set to 0.65
[2022-07-01 18:21:00.619] [jointLog] [info] Setting consensusSlack to selective-alignment default of 0.35.
[2022-07-01 18:21:00.619] [jointLog] [info] parsing read library format
[2022-07-01 18:21:00.619] [jointLog] [info] There is 1 library.
[2022-07-01 18:21:00.619] [jointLog] [info] Loading pufferfish index
[2022-07-01 18:21:00.620] [jointLog] [info] Loading dense pufferfish index.
[2022-07-01 18:21:00.739] [jointLog] [info] done
[2022-07-01 18:21:00.783] [jointLog] [info] Index contained 20,815 targets
[2022-07-01 18:21:00.788] [jointLog] [info] Number of decoys : 0
[2022-07-01 18:21:01.347] [jointLog] [info] Automatically detected most likely library type as IU

[2022-07-01 18:21:20.175] [jointLog] [info] Computed 21,577 rich equivalence classes for further processing
[2022-07-01 18:21:20.175] [jointLog] [info] Counted 4,590,618 total reads in the equivalence classes 
[2022-07-01 18:21:20.179] [jointLog] [info] Number of mappings discarded because of alignment score : 1,688,559
[2022-07-01 18:21:20.179] [jointLog] [info] Number of fragments entirely discarded because of alignment score : 341,678
[2022-07-01 18:21:20.179] [jointLog] [info] Number of fragments discarded because they are best-mapped to decoys : 0
[2022-07-01 18:21:20.179] [jointLog] [info] Number of fragments discarded because they have only dovetail (discordant) mappings to valid targets : 109,727
[2022-07-01 18:21:20.181] [jointLog] [warning] Only 4590618 fragments were mapped, but the number of burn-in fragments was set to 5000000.
The effective lengths have been computed using the observed mappings.

[2022-07-01 18:21:20.181] [jointLog] [info] Mapping rate = 92.907%

[2022-07-01 18:21:20.181] [jointLog] [info] finished quantifyLibrary()
[2022-07-01 18:21:20.183] [jointLog] [info] Starting optimizer
[2022-07-01 18:21:20.192] [jointLog] [info] Marked 0 weighted equivalence classes as degenerate
[2022-07-01 18:21:20.194] [jointLog] [info] iteration = 0 | max rel diff. = 15182.3
[2022-07-01 18:21:20.278] [jointLog] [info] iteration = 100 | max rel diff. = 2.82033e-07
[2022-07-01 18:21:20.279] [jointLog] [info] Finished optimizer
[2022-07-01 18:21:20.279] [jointLog] [info] writing output 

[2022-07-01 18:21:20.175] [fileLog] [info] 
At end of round 0
==================
Observed 4941090 total fragments (4941090 in most recent round)

