[2022-07-05 15:34:19.254] [jointLog] [info] setting maxHashResizeThreads to 8
[2022-07-05 15:34:19.254] [jointLog] [info] Fragment incompatibility prior below threshold.  Incompatible fragments will be ignored.
[2022-07-05 15:34:19.254] [jointLog] [info] Usage of --validateMappings implies use of minScoreFraction. Since not explicitly specified, it is being set to 0.65
[2022-07-05 15:34:19.254] [jointLog] [info] Setting consensusSlack to selective-alignment default of 0.35.
[2022-07-05 15:34:19.254] [jointLog] [info] parsing read library format
[2022-07-05 15:34:19.254] [jointLog] [info] There is 1 library.
[2022-07-05 15:34:19.269] [jointLog] [info] Loading pufferfish index
[2022-07-05 15:34:19.283] [jointLog] [info] Loading dense pufferfish index.
[2022-07-05 15:34:21.779] [jointLog] [info] done
[2022-07-05 15:34:21.842] [jointLog] [info] Index contained 56,631 targets
[2022-07-05 15:34:21.856] [jointLog] [info] Number of decoys : 0
[2022-07-05 15:34:25.562] [jointLog] [info] Automatically detected most likely library type as IU

[2022-07-05 15:35:49.581] [jointLog] [info] Computed 75,235 rich equivalence classes for further processing
[2022-07-05 15:35:49.581] [jointLog] [info] Counted 1,534,302 total reads in the equivalence classes 
[2022-07-05 15:35:49.587] [jointLog] [warning] 0.154877% of fragments were shorter than the k used to build the index.
If this fraction is too large, consider re-building the index with a smaller k.
The minimum read size found was 20.


[2022-07-05 15:35:49.587] [jointLog] [info] Number of mappings discarded because of alignment score : 13,156,405
[2022-07-05 15:35:49.587] [jointLog] [info] Number of fragments entirely discarded because of alignment score : 426,274
[2022-07-05 15:35:49.587] [jointLog] [info] Number of fragments discarded because they are best-mapped to decoys : 0
[2022-07-05 15:35:49.587] [jointLog] [info] Number of fragments discarded because they have only dovetail (discordant) mappings to valid targets : 107,753
[2022-07-05 15:35:49.596] [jointLog] [warning] Only 1534302 fragments were mapped, but the number of burn-in fragments was set to 5000000.
The effective lengths have been computed using the observed mappings.

[2022-07-05 15:35:49.596] [jointLog] [info] Mapping rate = 73.3646%

[2022-07-05 15:35:49.596] [jointLog] [info] finished quantifyLibrary()
[2022-07-05 15:35:49.602] [jointLog] [info] Starting optimizer
[2022-07-05 15:35:49.636] [jointLog] [info] Marked 0 weighted equivalence classes as degenerate
[2022-07-05 15:35:49.640] [jointLog] [info] iteration = 0 | max rel diff. = 2609.18
[2022-07-05 15:35:49.582] [fileLog] [info] 
At end of round 0
==================
Observed 2091339 total fragments (2091339 in most recent round)

[2022-07-05 15:35:49.956] [jointLog] [info] iteration = 100 | max rel diff. = 1.81124e-09
[2022-07-05 15:35:49.961] [jointLog] [info] Finished optimizer
[2022-07-05 15:35:49.961] [jointLog] [info] writing output 

[2022-07-05 15:35:50.044] [jointLog] [warning] NOTE: Read Lib [[ /camp/lab/langhornej/working/HPC/littlet/tl22-01_vivaxDeNovo/bbduk/all_files/ERX2560127_ERR2541709_rR_rRNAdep.fq.1.gz, /camp/lab/langhornej/working/HPC/littlet/tl22-01_vivaxDeNovo/bbduk/all_files/ERX2560127_ERR2541709_rR_rRNAdep.fq.2.gz]] :

Detected a *potential* strand bias > 1% in an unstranded protocol check the file: /camp/lab/langhornej/working/HPC/littlet/tl22-01_vivaxDeNovo/salmon/all_files/ERX2560127_ERR2541709/ERX2560127_ERR2541709_quant/lib_format_counts.json for details

