[2022-07-04 19:49:39.734] [jointLog] [info] setting maxHashResizeThreads to 8
[2022-07-04 19:49:39.734] [jointLog] [info] Fragment incompatibility prior below threshold.  Incompatible fragments will be ignored.
[2022-07-04 19:49:39.734] [jointLog] [info] Usage of --validateMappings implies use of minScoreFraction. Since not explicitly specified, it is being set to 0.65
[2022-07-04 19:49:39.734] [jointLog] [info] Setting consensusSlack to selective-alignment default of 0.35.
[2022-07-04 19:49:39.734] [jointLog] [info] parsing read library format
[2022-07-04 19:49:39.734] [jointLog] [info] There is 1 library.
[2022-07-04 19:49:39.745] [jointLog] [info] Loading pufferfish index
[2022-07-04 19:49:39.755] [jointLog] [info] Loading dense pufferfish index.
[2022-07-04 19:49:40.786] [jointLog] [info] done
[2022-07-04 19:49:40.846] [jointLog] [info] Index contained 16,537 targets
[2022-07-04 19:49:40.851] [jointLog] [info] Number of decoys : 0
[2022-07-04 19:49:56.138] [jointLog] [info] Thread saw mini-batch with a maximum of 53.90% zero probability fragments
[2022-07-04 19:49:56.138] [jointLog] [info] Thread saw mini-batch with a maximum of 54.24% zero probability fragments
[2022-07-04 19:49:56.138] [jointLog] [info] Thread saw mini-batch with a maximum of 54.54% zero probability fragments
[2022-07-04 19:49:56.138] [jointLog] [info] Thread saw mini-batch with a maximum of 55.44% zero probability fragments
[2022-07-04 19:49:56.143] [jointLog] [info] Thread saw mini-batch with a maximum of 54.70% zero probability fragments
[2022-07-04 19:49:56.152] [jointLog] [info] Thread saw mini-batch with a maximum of 54.22% zero probability fragments
[2022-07-04 19:49:56.158] [jointLog] [info] Thread saw mini-batch with a maximum of 54.42% zero probability fragments
[2022-07-04 19:49:56.161] [jointLog] [info] Thread saw mini-batch with a maximum of 54.88% zero probability fragments
[2022-07-04 19:49:56.210] [jointLog] [info] Computed 19,481 rich equivalence classes for further processing
[2022-07-04 19:49:56.210] [jointLog] [info] Counted 3,803,859 total reads in the equivalence classes 
[2022-07-04 19:49:56.214] [jointLog] [info] Number of mappings discarded because of alignment score : 176,075
[2022-07-04 19:49:56.214] [jointLog] [info] Number of fragments entirely discarded because of alignment score : 103,007
[2022-07-04 19:49:56.214] [jointLog] [info] Number of fragments discarded because they are best-mapped to decoys : 0
[2022-07-04 19:49:56.214] [jointLog] [info] Number of fragments discarded because they have only dovetail (discordant) mappings to valid targets : 26,723
[2022-07-04 19:49:56.216] [jointLog] [warning] Only 3803859 fragments were mapped, but the number of burn-in fragments was set to 5000000.
The effective lengths have been computed using the observed mappings.

[2022-07-04 19:49:56.216] [jointLog] [info] Mapping rate = 44.8654%

[2022-07-04 19:49:56.216] [jointLog] [info] finished quantifyLibrary()
[2022-07-04 19:49:56.236] [jointLog] [info] Starting optimizer
[2022-07-04 19:49:56.244] [jointLog] [info] Marked 0 weighted equivalence classes as degenerate
[2022-07-04 19:49:56.245] [jointLog] [info] iteration = 0 | max rel diff. = 17683.6
[2022-07-04 19:49:56.316] [jointLog] [info] iteration = 100 | max rel diff. = 1.49093e-07
[2022-07-04 19:49:56.317] [jointLog] [info] Finished optimizer
[2022-07-04 19:49:56.317] [jointLog] [info] writing output 

[2022-07-04 19:49:56.211] [fileLog] [info] 
At end of round 0
==================
Observed 8478380 total fragments (8478380 in most recent round)

