[2022-07-04 20:06:55.655] [jointLog] [info] setting maxHashResizeThreads to 8
[2022-07-04 20:06:55.655] [jointLog] [info] Fragment incompatibility prior below threshold.  Incompatible fragments will be ignored.
[2022-07-04 20:06:55.655] [jointLog] [info] Usage of --validateMappings implies use of minScoreFraction. Since not explicitly specified, it is being set to 0.65
[2022-07-04 20:06:55.655] [jointLog] [info] Setting consensusSlack to selective-alignment default of 0.35.
[2022-07-04 20:06:55.655] [jointLog] [info] parsing read library format
[2022-07-04 20:06:55.655] [jointLog] [info] There is 1 library.
[2022-07-04 20:06:55.665] [jointLog] [info] Loading pufferfish index
[2022-07-04 20:06:55.671] [jointLog] [info] Loading dense pufferfish index.
[2022-07-04 20:06:56.954] [jointLog] [info] done
[2022-07-04 20:06:56.999] [jointLog] [info] Index contained 67,477 targets
[2022-07-04 20:06:57.016] [jointLog] [info] Number of decoys : 0
[2022-07-04 20:06:57.444] [jointLog] [info] Automatically detected most likely library type as U

[2022-07-04 20:08:44.146] [jointLog] [info] Computed 430,631 rich equivalence classes for further processing
[2022-07-04 20:08:44.147] [jointLog] [info] Counted 15,480,755 total reads in the equivalence classes 
[2022-07-04 20:08:44.153] [jointLog] [warning] 0.00374394% of fragments were shorter than the k used to build the index.
If this fraction is too large, consider re-building the index with a smaller k.
The minimum read size found was 15.


[2022-07-04 20:08:44.153] [jointLog] [info] Number of mappings discarded because of alignment score : 78,823,100
[2022-07-04 20:08:44.153] [jointLog] [info] Number of fragments entirely discarded because of alignment score : 707,298
[2022-07-04 20:08:44.153] [jointLog] [info] Number of fragments discarded because they are best-mapped to decoys : 0
[2022-07-04 20:08:44.153] [jointLog] [info] Number of fragments discarded because they have only dovetail (discordant) mappings to valid targets : 0
[2022-07-04 20:08:44.153] [jointLog] [info] Mapping rate = 74.0218%

[2022-07-04 20:08:44.153] [jointLog] [info] finished quantifyLibrary()
[2022-07-04 20:08:44.161] [jointLog] [info] Starting optimizer
[2022-07-04 20:08:44.273] [jointLog] [info] Marked 0 weighted equivalence classes as degenerate
[2022-07-04 20:08:44.307] [jointLog] [info] iteration = 0 | max rel diff. = 14973.9
[2022-07-04 20:08:44.147] [fileLog] [info] 
At end of round 0
==================
Observed 20913775 total fragments (20913775 in most recent round)

[2022-07-04 20:08:46.304] [jointLog] [info] iteration = 100 | max rel diff. = 0.00427474
[2022-07-04 20:08:46.312] [jointLog] [info] Finished optimizer
[2022-07-04 20:08:46.312] [jointLog] [info] writing output 

