[2022-07-01 18:21:21.875] [jointLog] [info] setting maxHashResizeThreads to 8
[2022-07-01 18:21:21.875] [jointLog] [info] Fragment incompatibility prior below threshold.  Incompatible fragments will be ignored.
[2022-07-01 18:21:21.875] [jointLog] [info] Usage of --validateMappings implies use of minScoreFraction. Since not explicitly specified, it is being set to 0.65
[2022-07-01 18:21:21.875] [jointLog] [info] Setting consensusSlack to selective-alignment default of 0.35.
[2022-07-01 18:21:21.875] [jointLog] [info] parsing read library format
[2022-07-01 18:21:21.875] [jointLog] [info] There is 1 library.
[2022-07-01 18:21:21.877] [jointLog] [info] Loading pufferfish index
[2022-07-01 18:21:21.879] [jointLog] [info] Loading dense pufferfish index.
[2022-07-01 18:21:22.191] [jointLog] [info] done
[2022-07-01 18:21:22.238] [jointLog] [info] Index contained 23,627 targets
[2022-07-01 18:21:22.244] [jointLog] [info] Number of decoys : 0
[2022-07-01 18:21:22.776] [jointLog] [info] Automatically detected most likely library type as IU

[2022-07-01 18:21:55.166] [jointLog] [info] Computed 32,403 rich equivalence classes for further processing
[2022-07-01 18:21:55.166] [jointLog] [info] Counted 6,038,656 total reads in the equivalence classes 
[2022-07-01 18:21:55.171] [jointLog] [info] Number of mappings discarded because of alignment score : 4,059,961
[2022-07-01 18:21:55.171] [jointLog] [info] Number of fragments entirely discarded because of alignment score : 413,937
[2022-07-01 18:21:55.171] [jointLog] [info] Number of fragments discarded because they are best-mapped to decoys : 0
[2022-07-01 18:21:55.171] [jointLog] [info] Number of fragments discarded because they have only dovetail (discordant) mappings to valid targets : 532,864
[2022-07-01 18:21:55.171] [jointLog] [info] Mapping rate = 93.4136%

[2022-07-01 18:21:55.171] [jointLog] [info] finished quantifyLibrary()
[2022-07-01 18:21:55.172] [jointLog] [info] Starting optimizer
[2022-07-01 18:21:55.184] [jointLog] [info] Marked 0 weighted equivalence classes as degenerate
[2022-07-01 18:21:55.186] [jointLog] [info] iteration = 0 | max rel diff. = 22019.4
[2022-07-01 18:21:55.294] [jointLog] [info] iteration = 100 | max rel diff. = 6.88271e-13
[2022-07-01 18:21:55.294] [jointLog] [info] Finished optimizer
[2022-07-01 18:21:55.294] [jointLog] [info] writing output 

[2022-07-01 18:21:55.166] [fileLog] [info] 
At end of round 0
==================
Observed 6464428 total fragments (6464428 in most recent round)

