[2022-07-05 15:34:19.258] [jointLog] [info] setting maxHashResizeThreads to 8
[2022-07-05 15:34:19.258] [jointLog] [info] Fragment incompatibility prior below threshold.  Incompatible fragments will be ignored.
[2022-07-05 15:34:19.258] [jointLog] [info] Usage of --validateMappings implies use of minScoreFraction. Since not explicitly specified, it is being set to 0.65
[2022-07-05 15:34:19.258] [jointLog] [info] Setting consensusSlack to selective-alignment default of 0.35.
[2022-07-05 15:34:19.258] [jointLog] [info] parsing read library format
[2022-07-05 15:34:19.258] [jointLog] [info] There is 1 library.
[2022-07-05 15:34:19.282] [jointLog] [info] Loading pufferfish index
[2022-07-05 15:34:19.291] [jointLog] [info] Loading dense pufferfish index.
[2022-07-05 15:34:21.593] [jointLog] [info] done
[2022-07-05 15:34:21.651] [jointLog] [info] Index contained 41,322 targets
[2022-07-05 15:34:21.661] [jointLog] [info] Number of decoys : 0
[2022-07-05 15:34:25.647] [jointLog] [info] Automatically detected most likely library type as IU

[2022-07-05 15:35:50.712] [jointLog] [info] Computed 57,849 rich equivalence classes for further processing
[2022-07-05 15:35:50.712] [jointLog] [info] Counted 1,918,219 total reads in the equivalence classes 
[2022-07-05 15:35:50.718] [jointLog] [warning] 0.116398% of fragments were shorter than the k used to build the index.
If this fraction is too large, consider re-building the index with a smaller k.
The minimum read size found was 20.


[2022-07-05 15:35:50.718] [jointLog] [info] Number of mappings discarded because of alignment score : 29,757,355
[2022-07-05 15:35:50.718] [jointLog] [info] Number of fragments entirely discarded because of alignment score : 390,507
[2022-07-05 15:35:50.718] [jointLog] [info] Number of fragments discarded because they are best-mapped to decoys : 0
[2022-07-05 15:35:50.718] [jointLog] [info] Number of fragments discarded because they have only dovetail (discordant) mappings to valid targets : 123,310
[2022-07-05 15:35:50.721] [jointLog] [warning] Only 1918219 fragments were mapped, but the number of burn-in fragments was set to 5000000.
The effective lengths have been computed using the observed mappings.

[2022-07-05 15:35:50.721] [jointLog] [info] Mapping rate = 79.0361%

[2022-07-05 15:35:50.721] [jointLog] [info] finished quantifyLibrary()
[2022-07-05 15:35:50.730] [jointLog] [info] Starting optimizer
[2022-07-05 15:35:50.751] [jointLog] [info] Marked 0 weighted equivalence classes as degenerate
[2022-07-05 15:35:50.754] [jointLog] [info] iteration = 0 | max rel diff. = 3963.84
[2022-07-05 15:35:50.712] [fileLog] [info] 
At end of round 0
==================
Observed 2427016 total fragments (2427016 in most recent round)

[2022-07-05 15:35:51.006] [jointLog] [info] iteration = 100 | max rel diff. = 5.15356e-12
[2022-07-05 15:35:51.008] [jointLog] [info] Finished optimizer
[2022-07-05 15:35:51.008] [jointLog] [info] writing output 

[2022-07-05 15:35:51.069] [jointLog] [warning] NOTE: Read Lib [[ /camp/lab/langhornej/working/HPC/littlet/tl22-01_vivaxDeNovo/bbduk/all_files/ERX2560134_ERR2541716_rR_rRNAdep.fq.1.gz, /camp/lab/langhornej/working/HPC/littlet/tl22-01_vivaxDeNovo/bbduk/all_files/ERX2560134_ERR2541716_rR_rRNAdep.fq.2.gz]] :

Detected a *potential* strand bias > 1% in an unstranded protocol check the file: /camp/lab/langhornej/working/HPC/littlet/tl22-01_vivaxDeNovo/salmon/all_files/ERX2560134_ERR2541716/ERX2560134_ERR2541716_quant/lib_format_counts.json for details

