[2022-07-01 18:21:15.385] [jointLog] [info] setting maxHashResizeThreads to 8
[2022-07-01 18:21:15.385] [jointLog] [info] Fragment incompatibility prior below threshold.  Incompatible fragments will be ignored.
[2022-07-01 18:21:15.385] [jointLog] [info] Usage of --validateMappings implies use of minScoreFraction. Since not explicitly specified, it is being set to 0.65
[2022-07-01 18:21:15.385] [jointLog] [info] Setting consensusSlack to selective-alignment default of 0.35.
[2022-07-01 18:21:15.385] [jointLog] [info] parsing read library format
[2022-07-01 18:21:15.386] [jointLog] [info] There is 1 library.
[2022-07-01 18:21:15.391] [jointLog] [info] Loading pufferfish index
[2022-07-01 18:21:15.392] [jointLog] [info] Loading dense pufferfish index.
[2022-07-01 18:21:15.576] [jointLog] [info] done
[2022-07-01 18:21:15.630] [jointLog] [info] Index contained 23,627 targets
[2022-07-01 18:21:15.638] [jointLog] [info] Number of decoys : 0
[2022-07-01 18:21:16.141] [jointLog] [info] Automatically detected most likely library type as IU

[2022-07-01 18:21:42.593] [jointLog] [info] Computed 35,874 rich equivalence classes for further processing
[2022-07-01 18:21:42.593] [jointLog] [info] Counted 6,255,585 total reads in the equivalence classes 
[2022-07-01 18:21:42.597] [jointLog] [info] Number of mappings discarded because of alignment score : 3,523,919
[2022-07-01 18:21:42.597] [jointLog] [info] Number of fragments entirely discarded because of alignment score : 495,355
[2022-07-01 18:21:42.597] [jointLog] [info] Number of fragments discarded because they are best-mapped to decoys : 0
[2022-07-01 18:21:42.597] [jointLog] [info] Number of fragments discarded because they have only dovetail (discordant) mappings to valid targets : 423,340
[2022-07-01 18:21:42.597] [jointLog] [info] Mapping rate = 92.4937%

[2022-07-01 18:21:42.597] [jointLog] [info] finished quantifyLibrary()
[2022-07-01 18:21:42.602] [jointLog] [info] Starting optimizer
[2022-07-01 18:21:42.616] [jointLog] [info] Marked 0 weighted equivalence classes as degenerate
[2022-07-01 18:21:42.617] [jointLog] [info] iteration = 0 | max rel diff. = 18565.1
[2022-07-01 18:21:42.732] [jointLog] [info] iteration = 100 | max rel diff. = 7.54087e-13
[2022-07-01 18:21:42.733] [jointLog] [info] Finished optimizer
[2022-07-01 18:21:42.733] [jointLog] [info] writing output 

[2022-07-01 18:21:42.593] [fileLog] [info] 
At end of round 0
==================
Observed 6763254 total fragments (6763254 in most recent round)

