[2022-07-04 19:49:27.346] [jointLog] [info] setting maxHashResizeThreads to 8
[2022-07-04 19:49:27.346] [jointLog] [info] Fragment incompatibility prior below threshold.  Incompatible fragments will be ignored.
[2022-07-04 19:49:27.346] [jointLog] [info] Usage of --validateMappings implies use of minScoreFraction. Since not explicitly specified, it is being set to 0.65
[2022-07-04 19:49:27.346] [jointLog] [info] Setting consensusSlack to selective-alignment default of 0.35.
[2022-07-04 19:49:27.346] [jointLog] [info] parsing read library format
[2022-07-04 19:49:27.346] [jointLog] [info] There is 1 library.
[2022-07-04 19:49:27.365] [jointLog] [info] Loading pufferfish index
[2022-07-04 19:49:27.371] [jointLog] [info] Loading dense pufferfish index.
[2022-07-04 19:49:29.148] [jointLog] [info] done
[2022-07-04 19:49:29.203] [jointLog] [info] Index contained 15,137 targets
[2022-07-04 19:49:29.207] [jointLog] [info] Number of decoys : 0
[2022-07-04 19:49:36.974] [jointLog] [info] Thread saw mini-batch with a maximum of 47.66% zero probability fragments
[2022-07-04 19:49:36.974] [jointLog] [info] Thread saw mini-batch with a maximum of 48.08% zero probability fragments
[2022-07-04 19:49:36.975] [jointLog] [info] Thread saw mini-batch with a maximum of 48.00% zero probability fragments
[2022-07-04 19:49:36.983] [jointLog] [info] Thread saw mini-batch with a maximum of 47.78% zero probability fragments
[2022-07-04 19:49:36.991] [jointLog] [info] Thread saw mini-batch with a maximum of 47.88% zero probability fragments
[2022-07-04 19:49:37.004] [jointLog] [info] Thread saw mini-batch with a maximum of 48.40% zero probability fragments
[2022-07-04 19:49:37.006] [jointLog] [info] Thread saw mini-batch with a maximum of 47.64% zero probability fragments
[2022-07-04 19:49:37.008] [jointLog] [info] Thread saw mini-batch with a maximum of 48.00% zero probability fragments
[2022-07-04 19:49:37.054] [jointLog] [info] Computed 13,217 rich equivalence classes for further processing
[2022-07-04 19:49:37.054] [jointLog] [info] Counted 1,613,790 total reads in the equivalence classes 
[2022-07-04 19:49:37.058] [jointLog] [info] Number of mappings discarded because of alignment score : 152,647
[2022-07-04 19:49:37.058] [jointLog] [info] Number of fragments entirely discarded because of alignment score : 73,789
[2022-07-04 19:49:37.058] [jointLog] [info] Number of fragments discarded because they are best-mapped to decoys : 0
[2022-07-04 19:49:37.058] [jointLog] [info] Number of fragments discarded because they have only dovetail (discordant) mappings to valid targets : 32,023
[2022-07-04 19:49:37.060] [jointLog] [warning] Only 1613790 fragments were mapped, but the number of burn-in fragments was set to 5000000.
The effective lengths have been computed using the observed mappings.

[2022-07-04 19:49:37.060] [jointLog] [info] Mapping rate = 46.0308%

[2022-07-04 19:49:37.060] [jointLog] [info] finished quantifyLibrary()
[2022-07-04 19:49:37.062] [jointLog] [info] Starting optimizer
[2022-07-04 19:49:37.069] [jointLog] [info] Marked 0 weighted equivalence classes as degenerate
[2022-07-04 19:49:37.070] [jointLog] [info] iteration = 0 | max rel diff. = 3568.73
[2022-07-04 19:49:37.129] [jointLog] [info] iteration = 100 | max rel diff. = 4.19336e-16
[2022-07-04 19:49:37.130] [jointLog] [info] Finished optimizer
[2022-07-04 19:49:37.130] [jointLog] [info] writing output 

[2022-07-04 19:49:37.054] [fileLog] [info] 
At end of round 0
==================
Observed 3505894 total fragments (3505894 in most recent round)

