[2022-07-01 18:21:11.635] [jointLog] [info] setting maxHashResizeThreads to 8
[2022-07-01 18:21:11.635] [jointLog] [info] Fragment incompatibility prior below threshold.  Incompatible fragments will be ignored.
[2022-07-01 18:21:11.635] [jointLog] [info] Usage of --validateMappings implies use of minScoreFraction. Since not explicitly specified, it is being set to 0.65
[2022-07-01 18:21:11.635] [jointLog] [info] Setting consensusSlack to selective-alignment default of 0.35.
[2022-07-01 18:21:11.635] [jointLog] [info] parsing read library format
[2022-07-01 18:21:11.635] [jointLog] [info] There is 1 library.
[2022-07-01 18:21:11.638] [jointLog] [info] Loading pufferfish index
[2022-07-01 18:21:11.639] [jointLog] [info] Loading dense pufferfish index.
[2022-07-01 18:21:11.964] [jointLog] [info] done
[2022-07-01 18:21:12.008] [jointLog] [info] Index contained 23,627 targets
[2022-07-01 18:21:12.014] [jointLog] [info] Number of decoys : 0
[2022-07-01 18:21:12.507] [jointLog] [info] Automatically detected most likely library type as IU

[2022-07-01 18:21:40.732] [fileLog] [info] 
At end of round 0
==================
Observed 6739261 total fragments (6739261 in most recent round)

[2022-07-01 18:21:40.731] [jointLog] [info] Computed 33,672 rich equivalence classes for further processing
[2022-07-01 18:21:40.731] [jointLog] [info] Counted 6,265,492 total reads in the equivalence classes 
[2022-07-01 18:21:40.735] [jointLog] [info] Number of mappings discarded because of alignment score : 3,956,875
[2022-07-01 18:21:40.735] [jointLog] [info] Number of fragments entirely discarded because of alignment score : 461,493
[2022-07-01 18:21:40.735] [jointLog] [info] Number of fragments discarded because they are best-mapped to decoys : 0
[2022-07-01 18:21:40.735] [jointLog] [info] Number of fragments discarded because they have only dovetail (discordant) mappings to valid targets : 521,664
[2022-07-01 18:21:40.735] [jointLog] [info] Mapping rate = 92.97%

[2022-07-01 18:21:40.735] [jointLog] [info] finished quantifyLibrary()
[2022-07-01 18:21:40.737] [jointLog] [info] Starting optimizer
[2022-07-01 18:21:40.749] [jointLog] [info] Marked 0 weighted equivalence classes as degenerate
[2022-07-01 18:21:40.750] [jointLog] [info] iteration = 0 | max rel diff. = 13407.5
[2022-07-01 18:21:40.862] [jointLog] [info] iteration = 100 | max rel diff. = 6.79195e-13
[2022-07-01 18:21:40.863] [jointLog] [info] Finished optimizer
[2022-07-01 18:21:40.863] [jointLog] [info] writing output 

