[2022-07-01 18:20:05.001] [jointLog] [info] setting maxHashResizeThreads to 8
[2022-07-01 18:20:05.001] [jointLog] [info] Fragment incompatibility prior below threshold.  Incompatible fragments will be ignored.
[2022-07-01 18:20:05.001] [jointLog] [info] Usage of --validateMappings implies use of minScoreFraction. Since not explicitly specified, it is being set to 0.65
[2022-07-01 18:20:05.001] [jointLog] [info] Setting consensusSlack to selective-alignment default of 0.35.
[2022-07-01 18:20:05.001] [jointLog] [info] parsing read library format
[2022-07-01 18:20:05.001] [jointLog] [info] There is 1 library.
[2022-07-01 18:20:05.001] [jointLog] [info] Loading pufferfish index
[2022-07-01 18:20:05.001] [jointLog] [info] Loading dense pufferfish index.
[2022-07-01 18:20:05.106] [jointLog] [info] done
[2022-07-01 18:20:05.156] [jointLog] [info] Index contained 16,663 targets
[2022-07-01 18:20:05.160] [jointLog] [info] Number of decoys : 0
[2022-07-01 18:20:05.614] [jointLog] [info] Automatically detected most likely library type as IU

[2022-07-01 18:20:18.030] [jointLog] [info] Computed 16,489 rich equivalence classes for further processing
[2022-07-01 18:20:18.030] [jointLog] [info] Counted 3,161,125 total reads in the equivalence classes 
[2022-07-01 18:20:18.033] [jointLog] [info] Number of mappings discarded because of alignment score : 1,085,377
[2022-07-01 18:20:18.033] [jointLog] [info] Number of fragments entirely discarded because of alignment score : 195,686
[2022-07-01 18:20:18.033] [jointLog] [info] Number of fragments discarded because they are best-mapped to decoys : 0
[2022-07-01 18:20:18.033] [jointLog] [info] Number of fragments discarded because they have only dovetail (discordant) mappings to valid targets : 65,061
[2022-07-01 18:20:18.035] [jointLog] [warning] Only 3161125 fragments were mapped, but the number of burn-in fragments was set to 5000000.
The effective lengths have been computed using the observed mappings.

[2022-07-01 18:20:18.035] [jointLog] [info] Mapping rate = 94.0851%

[2022-07-01 18:20:18.035] [jointLog] [info] finished quantifyLibrary()
[2022-07-01 18:20:18.038] [jointLog] [info] Starting optimizer
[2022-07-01 18:20:18.046] [jointLog] [info] Marked 0 weighted equivalence classes as degenerate
[2022-07-01 18:20:18.047] [jointLog] [info] iteration = 0 | max rel diff. = 16666.9
[2022-07-01 18:20:18.112] [jointLog] [info] iteration = 100 | max rel diff. = 1.3446e-07
[2022-07-01 18:20:18.113] [jointLog] [info] Finished optimizer
[2022-07-01 18:20:18.113] [jointLog] [info] writing output 

[2022-07-01 18:20:18.030] [fileLog] [info] 
At end of round 0
==================
Observed 3359857 total fragments (3359857 in most recent round)

