[2022-07-04 19:49:28.668] [jointLog] [info] setting maxHashResizeThreads to 8
[2022-07-04 19:49:28.668] [jointLog] [info] Fragment incompatibility prior below threshold.  Incompatible fragments will be ignored.
[2022-07-04 19:49:28.668] [jointLog] [info] Usage of --validateMappings implies use of minScoreFraction. Since not explicitly specified, it is being set to 0.65
[2022-07-04 19:49:28.668] [jointLog] [info] Setting consensusSlack to selective-alignment default of 0.35.
[2022-07-04 19:49:28.668] [jointLog] [info] parsing read library format
[2022-07-04 19:49:28.668] [jointLog] [info] There is 1 library.
[2022-07-04 19:49:28.681] [jointLog] [info] Loading pufferfish index
[2022-07-04 19:49:28.686] [jointLog] [info] Loading dense pufferfish index.
[2022-07-04 19:49:30.342] [jointLog] [info] done
[2022-07-04 19:49:30.402] [jointLog] [info] Index contained 16,391 targets
[2022-07-04 19:49:30.407] [jointLog] [info] Number of decoys : 0
[2022-07-04 19:49:42.325] [jointLog] [info] Thread saw mini-batch with a maximum of 65.16% zero probability fragments
[2022-07-04 19:49:42.325] [jointLog] [info] Thread saw mini-batch with a maximum of 65.22% zero probability fragments
[2022-07-04 19:49:42.325] [jointLog] [info] Thread saw mini-batch with a maximum of 65.68% zero probability fragments
[2022-07-04 19:49:42.327] [jointLog] [info] Thread saw mini-batch with a maximum of 64.94% zero probability fragments
[2022-07-04 19:49:42.333] [jointLog] [info] Thread saw mini-batch with a maximum of 64.68% zero probability fragments
[2022-07-04 19:49:42.340] [jointLog] [info] Thread saw mini-batch with a maximum of 65.06% zero probability fragments
[2022-07-04 19:49:42.344] [jointLog] [info] Thread saw mini-batch with a maximum of 65.34% zero probability fragments
[2022-07-04 19:49:42.346] [jointLog] [info] Thread saw mini-batch with a maximum of 64.94% zero probability fragments
[2022-07-04 19:49:42.396] [jointLog] [info] Computed 13,792 rich equivalence classes for further processing
[2022-07-04 19:49:42.396] [jointLog] [info] Counted 2,049,980 total reads in the equivalence classes 
[2022-07-04 19:49:42.400] [jointLog] [info] Number of mappings discarded because of alignment score : 99,296
[2022-07-04 19:49:42.400] [jointLog] [info] Number of fragments entirely discarded because of alignment score : 64,031
[2022-07-04 19:49:42.400] [jointLog] [info] Number of fragments discarded because they are best-mapped to decoys : 0
[2022-07-04 19:49:42.400] [jointLog] [info] Number of fragments discarded because they have only dovetail (discordant) mappings to valid targets : 81,354
[2022-07-04 19:49:42.401] [jointLog] [warning] Only 2049980 fragments were mapped, but the number of burn-in fragments was set to 5000000.
The effective lengths have been computed using the observed mappings.

[2022-07-04 19:49:42.401] [jointLog] [info] Mapping rate = 35.233%

[2022-07-04 19:49:42.401] [jointLog] [info] finished quantifyLibrary()
[2022-07-04 19:49:42.411] [jointLog] [info] Starting optimizer
[2022-07-04 19:49:42.419] [jointLog] [info] Marked 0 weighted equivalence classes as degenerate
[2022-07-04 19:49:42.419] [jointLog] [info] iteration = 0 | max rel diff. = 10783.1
[2022-07-04 19:49:42.489] [jointLog] [info] iteration = 100 | max rel diff. = 4.96647e-08
[2022-07-04 19:49:42.489] [jointLog] [info] Finished optimizer
[2022-07-04 19:49:42.489] [jointLog] [info] writing output 

[2022-07-04 19:49:42.397] [fileLog] [info] 
At end of round 0
==================
Observed 5818356 total fragments (5818356 in most recent round)

