[2022-07-05 15:34:19.257] [jointLog] [info] setting maxHashResizeThreads to 8
[2022-07-05 15:34:19.257] [jointLog] [info] Fragment incompatibility prior below threshold.  Incompatible fragments will be ignored.
[2022-07-05 15:34:19.257] [jointLog] [info] Usage of --validateMappings implies use of minScoreFraction. Since not explicitly specified, it is being set to 0.65
[2022-07-05 15:34:19.257] [jointLog] [info] Setting consensusSlack to selective-alignment default of 0.35.
[2022-07-05 15:34:19.257] [jointLog] [info] parsing read library format
[2022-07-05 15:34:19.257] [jointLog] [info] There is 1 library.
[2022-07-05 15:34:19.269] [jointLog] [info] Loading pufferfish index
[2022-07-05 15:34:19.280] [jointLog] [info] Loading dense pufferfish index.
[2022-07-05 15:34:21.215] [jointLog] [info] done
[2022-07-05 15:34:21.270] [jointLog] [info] Index contained 12,104 targets
[2022-07-05 15:34:21.273] [jointLog] [info] Number of decoys : 0
[2022-07-05 15:34:21.860] [jointLog] [info] Automatically detected most likely library type as ISR

[2022-07-05 15:35:58.003] [jointLog] [info] Thread saw mini-batch with a maximum of 99.86% zero probability fragments
[2022-07-05 15:35:58.016] [jointLog] [info] Thread saw mini-batch with a maximum of 99.70% zero probability fragments
[2022-07-05 15:35:58.099] [jointLog] [info] Thread saw mini-batch with a maximum of 99.78% zero probability fragments
[2022-07-05 15:35:58.210] [jointLog] [info] Thread saw mini-batch with a maximum of 99.68% zero probability fragments
[2022-07-05 15:35:58.296] [jointLog] [info] Thread saw mini-batch with a maximum of 99.68% zero probability fragments
[2022-07-05 15:35:58.315] [jointLog] [info] Thread saw mini-batch with a maximum of 99.80% zero probability fragments
[2022-07-05 15:35:58.332] [jointLog] [info] Thread saw mini-batch with a maximum of 99.76% zero probability fragments
[2022-07-05 15:35:58.443] [jointLog] [info] Thread saw mini-batch with a maximum of 99.76% zero probability fragments
[2022-07-05 15:35:58.512] [jointLog] [info] Computed 34,527 rich equivalence classes for further processing
[2022-07-05 15:35:58.512] [jointLog] [info] Counted 14,128,210 total reads in the equivalence classes 
[2022-07-05 15:35:58.516] [jointLog] [warning] 3.46552e-06% of fragments were shorter than the k used to build the index.
If this fraction is too large, consider re-building the index with a smaller k.
The minimum read size found was 21.


[2022-07-05 15:35:58.516] [jointLog] [info] Number of mappings discarded because of alignment score : 2,800,128
[2022-07-05 15:35:58.516] [jointLog] [info] Number of fragments entirely discarded because of alignment score : 1,746,445
[2022-07-05 15:35:58.516] [jointLog] [info] Number of fragments discarded because they are best-mapped to decoys : 0
[2022-07-05 15:35:58.516] [jointLog] [info] Number of fragments discarded because they have only dovetail (discordant) mappings to valid targets : 233,705
[2022-07-05 15:35:58.516] [jointLog] [info] Mapping rate = 48.9616%

[2022-07-05 15:35:58.516] [jointLog] [info] finished quantifyLibrary()
[2022-07-05 15:35:58.528] [jointLog] [info] Starting optimizer
[2022-07-05 15:35:58.557] [jointLog] [info] Marked 0 weighted equivalence classes as degenerate
[2022-07-05 15:35:58.559] [jointLog] [info] iteration = 0 | max rel diff. = 78110.9
[2022-07-05 15:35:58.655] [jointLog] [info] iteration = 100 | max rel diff. = 1.00236e-15
[2022-07-05 15:35:58.656] [jointLog] [info] Finished optimizer
[2022-07-05 15:35:58.656] [jointLog] [info] writing output 

[2022-07-05 15:35:58.512] [fileLog] [info] 
At end of round 0
==================
Observed 28855715 total fragments (28855715 in most recent round)

