[2022-07-05 11:03:41.116] [jointLog] [info] setting maxHashResizeThreads to 8
[2022-07-05 11:03:41.116] [jointLog] [info] Fragment incompatibility prior below threshold.  Incompatible fragments will be ignored.
[2022-07-05 11:03:41.116] [jointLog] [info] Usage of --validateMappings implies use of minScoreFraction. Since not explicitly specified, it is being set to 0.65
[2022-07-05 11:03:41.116] [jointLog] [info] Setting consensusSlack to selective-alignment default of 0.35.
[2022-07-05 11:03:41.116] [jointLog] [info] parsing read library format
[2022-07-05 11:03:41.116] [jointLog] [info] There is 1 library.
[2022-07-05 11:03:41.127] [jointLog] [info] Loading pufferfish index
[2022-07-05 11:03:41.130] [jointLog] [info] Loading dense pufferfish index.
[2022-07-05 11:03:41.419] [jointLog] [info] done
[2022-07-05 11:03:41.478] [jointLog] [info] Index contained 14,449 targets
[2022-07-05 11:03:41.482] [jointLog] [info] Number of decoys : 0
[2022-07-05 11:03:41.685] [jointLog] [info] Automatically detected most likely library type as U

[2022-07-05 11:04:01.953] [jointLog] [info] Computed 15,292 rich equivalence classes for further processing
[2022-07-05 11:04:01.953] [jointLog] [info] Counted 15,408,282 total reads in the equivalence classes 
[2022-07-05 11:04:01.957] [jointLog] [info] Number of mappings discarded because of alignment score : 8,222,374
[2022-07-05 11:04:01.957] [jointLog] [info] Number of fragments entirely discarded because of alignment score : 182,347
[2022-07-05 11:04:01.957] [jointLog] [info] Number of fragments discarded because they are best-mapped to decoys : 0
[2022-07-05 11:04:01.957] [jointLog] [info] Number of fragments discarded because they have only dovetail (discordant) mappings to valid targets : 0
[2022-07-05 11:04:01.957] [jointLog] [info] Mapping rate = 70.1478%

[2022-07-05 11:04:01.957] [jointLog] [info] finished quantifyLibrary()
[2022-07-05 11:04:02.181] [jointLog] [info] Starting optimizer
[2022-07-05 11:04:02.189] [jointLog] [info] Marked 0 weighted equivalence classes as degenerate
[2022-07-05 11:04:02.192] [jointLog] [info] iteration = 0 | max rel diff. = 737.074
[2022-07-05 11:04:02.266] [jointLog] [info] iteration = 100 | max rel diff. = 4.19251e-16
[2022-07-05 11:04:02.267] [jointLog] [info] Finished optimizer
[2022-07-05 11:04:02.267] [jointLog] [info] writing output 

[2022-07-05 11:04:02.296] [jointLog] [warning] NOTE: Read Lib [[ /camp/lab/langhornej/working/HPC/littlet/tl22-01_vivaxDeNovo/bbduk/all_files/SRX3467115_SRR6371894_rR_rRNAdep.fq.gz ]] :

Detected a *potential* strand bias > 1% in an unstranded protocol check the file: /camp/lab/langhornej/working/HPC/littlet/tl22-01_vivaxDeNovo/salmon/all_files/SRX3467115_SRR6371894/SRX3467115_SRR6371894_quant/lib_format_counts.json for details

[2022-07-05 11:04:01.954] [fileLog] [info] 
At end of round 0
==================
Observed 21965441 total fragments (21965441 in most recent round)

