[2022-07-04 19:49:16.061] [jointLog] [info] setting maxHashResizeThreads to 8
[2022-07-04 19:49:16.061] [jointLog] [info] Fragment incompatibility prior below threshold.  Incompatible fragments will be ignored.
[2022-07-04 19:49:16.061] [jointLog] [info] Usage of --validateMappings implies use of minScoreFraction. Since not explicitly specified, it is being set to 0.65
[2022-07-04 19:49:16.061] [jointLog] [info] Setting consensusSlack to selective-alignment default of 0.35.
[2022-07-04 19:49:16.061] [jointLog] [info] parsing read library format
[2022-07-04 19:49:16.061] [jointLog] [info] There is 1 library.
[2022-07-04 19:49:16.104] [jointLog] [info] Loading pufferfish index
[2022-07-04 19:49:16.115] [jointLog] [info] Loading dense pufferfish index.
[2022-07-04 19:49:17.239] [jointLog] [info] done
[2022-07-04 19:49:17.311] [jointLog] [info] Index contained 11,335 targets
[2022-07-04 19:49:17.314] [jointLog] [info] Number of decoys : 0
[2022-07-04 19:49:18.813] [jointLog] [info] Thread saw mini-batch with a maximum of 39.92% zero probability fragments
[2022-07-04 19:49:18.813] [jointLog] [info] Thread saw mini-batch with a maximum of 40.34% zero probability fragments
[2022-07-04 19:49:18.813] [jointLog] [info] Thread saw mini-batch with a maximum of 41.02% zero probability fragments
[2022-07-04 19:49:18.813] [jointLog] [info] Thread saw mini-batch with a maximum of 40.64% zero probability fragments
[2022-07-04 19:49:18.832] [jointLog] [info] Thread saw mini-batch with a maximum of 41.02% zero probability fragments
[2022-07-04 19:49:18.835] [jointLog] [info] Thread saw mini-batch with a maximum of 40.86% zero probability fragments
[2022-07-04 19:49:18.837] [jointLog] [info] Thread saw mini-batch with a maximum of 41.54% zero probability fragments
[2022-07-04 19:49:18.839] [jointLog] [info] Thread saw mini-batch with a maximum of 40.44% zero probability fragments
[2022-07-04 19:49:18.886] [jointLog] [info] Computed 4,226 rich equivalence classes for further processing
[2022-07-04 19:49:18.887] [jointLog] [info] Counted 97,191 total reads in the equivalence classes 
[2022-07-04 19:49:18.890] [jointLog] [info] Number of mappings discarded because of alignment score : 56,747
[2022-07-04 19:49:18.890] [jointLog] [info] Number of fragments entirely discarded because of alignment score : 14,628
[2022-07-04 19:49:18.890] [jointLog] [info] Number of fragments discarded because they are best-mapped to decoys : 0
[2022-07-04 19:49:18.890] [jointLog] [info] Number of fragments discarded because they have only dovetail (discordant) mappings to valid targets : 7,860
[2022-07-04 19:49:18.891] [jointLog] [warning] Only 97191 fragments were mapped, but the number of burn-in fragments was set to 5000000.
The effective lengths have been computed using the observed mappings.

[2022-07-04 19:49:18.891] [jointLog] [info] Mapping rate = 33.5827%

[2022-07-04 19:49:18.891] [jointLog] [info] finished quantifyLibrary()
[2022-07-04 19:49:19.102] [jointLog] [info] Starting optimizer
[2022-07-04 19:49:19.108] [jointLog] [info] Marked 0 weighted equivalence classes as degenerate
[2022-07-04 19:49:19.109] [jointLog] [info] iteration = 0 | max rel diff. = 365.665
[2022-07-04 19:49:19.155] [jointLog] [info] iteration = 100 | max rel diff. = 2.21351e-16
[2022-07-04 19:49:19.156] [jointLog] [info] Finished optimizer
[2022-07-04 19:49:19.156] [jointLog] [info] writing output 

[2022-07-04 19:49:18.887] [fileLog] [info] 
At end of round 0
==================
Observed 289408 total fragments (289408 in most recent round)

