[2022-07-04 19:49:09.314] [jointLog] [info] setting maxHashResizeThreads to 8
[2022-07-04 19:49:09.314] [jointLog] [info] Fragment incompatibility prior below threshold.  Incompatible fragments will be ignored.
[2022-07-04 19:49:09.314] [jointLog] [info] Usage of --validateMappings implies use of minScoreFraction. Since not explicitly specified, it is being set to 0.65
[2022-07-04 19:49:09.314] [jointLog] [info] Setting consensusSlack to selective-alignment default of 0.35.
[2022-07-04 19:49:09.314] [jointLog] [info] parsing read library format
[2022-07-04 19:49:09.314] [jointLog] [info] There is 1 library.
[2022-07-04 19:49:09.328] [jointLog] [info] Loading pufferfish index
[2022-07-04 19:49:09.329] [jointLog] [info] Loading dense pufferfish index.
[2022-07-04 19:49:09.590] [jointLog] [info] done
[2022-07-04 19:49:09.669] [jointLog] [info] Index contained 1,297 targets
[2022-07-04 19:49:09.669] [jointLog] [info] Number of decoys : 0
[2022-07-04 19:49:10.542] [jointLog] [info] Thread saw mini-batch with a maximum of 34.22% zero probability fragments
[2022-07-04 19:49:10.542] [jointLog] [info] Thread saw mini-batch with a maximum of 34.38% zero probability fragments
[2022-07-04 19:49:10.542] [jointLog] [info] Thread saw mini-batch with a maximum of 34.54% zero probability fragments
[2022-07-04 19:49:10.548] [jointLog] [info] Thread saw mini-batch with a maximum of 34.08% zero probability fragments
[2022-07-04 19:49:10.554] [jointLog] [info] Thread saw mini-batch with a maximum of 33.88% zero probability fragments
[2022-07-04 19:49:10.556] [jointLog] [info] Thread saw mini-batch with a maximum of 34.94% zero probability fragments
[2022-07-04 19:49:10.563] [jointLog] [info] Thread saw mini-batch with a maximum of 34.94% zero probability fragments
[2022-07-04 19:49:10.563] [jointLog] [info] Thread saw mini-batch with a maximum of 34.52% zero probability fragments
[2022-07-04 19:49:10.598] [jointLog] [info] Computed 842 rich equivalence classes for further processing
[2022-07-04 19:49:10.598] [jointLog] [info] Counted 116,791 total reads in the equivalence classes 
[2022-07-04 19:49:10.602] [jointLog] [info] Number of mappings discarded because of alignment score : 41,140
[2022-07-04 19:49:10.602] [jointLog] [info] Number of fragments entirely discarded because of alignment score : 10,524
[2022-07-04 19:49:10.602] [jointLog] [info] Number of fragments discarded because they are best-mapped to decoys : 0
[2022-07-04 19:49:10.602] [jointLog] [info] Number of fragments discarded because they have only dovetail (discordant) mappings to valid targets : 9,733
[2022-07-04 19:49:10.602] [jointLog] [warning] Only 116791 fragments were mapped, but the number of burn-in fragments was set to 5000000.
The effective lengths have been computed using the observed mappings.

[2022-07-04 19:49:10.602] [jointLog] [info] Mapping rate = 31.7896%

[2022-07-04 19:49:10.602] [jointLog] [info] finished quantifyLibrary()
[2022-07-04 19:49:10.612] [jointLog] [info] Starting optimizer
[2022-07-04 19:49:10.615] [jointLog] [info] Marked 0 weighted equivalence classes as degenerate
[2022-07-04 19:49:10.615] [jointLog] [info] iteration = 0 | max rel diff. = 143.044
[2022-07-04 19:49:10.624] [jointLog] [info] iteration = 100 | max rel diff. = 2.21212e-16
[2022-07-04 19:49:10.624] [jointLog] [info] Finished optimizer
[2022-07-04 19:49:10.624] [jointLog] [info] writing output 

[2022-07-04 19:49:10.598] [fileLog] [info] 
At end of round 0
==================
Observed 367388 total fragments (367388 in most recent round)

