[2022-07-01 18:20:04.475] [jointLog] [info] setting maxHashResizeThreads to 8
[2022-07-01 18:20:04.475] [jointLog] [info] Fragment incompatibility prior below threshold.  Incompatible fragments will be ignored.
[2022-07-01 18:20:04.475] [jointLog] [info] Usage of --validateMappings implies use of minScoreFraction. Since not explicitly specified, it is being set to 0.65
[2022-07-01 18:20:04.475] [jointLog] [info] Setting consensusSlack to selective-alignment default of 0.35.
[2022-07-01 18:20:04.475] [jointLog] [info] parsing read library format
[2022-07-01 18:20:04.475] [jointLog] [info] There is 1 library.
[2022-07-01 18:20:04.475] [jointLog] [info] Loading pufferfish index
[2022-07-01 18:20:04.475] [jointLog] [info] Loading dense pufferfish index.
[2022-07-01 18:20:04.586] [jointLog] [info] done
[2022-07-01 18:20:04.632] [jointLog] [info] Index contained 16,663 targets
[2022-07-01 18:20:04.636] [jointLog] [info] Number of decoys : 0
[2022-07-01 18:20:05.110] [jointLog] [info] Automatically detected most likely library type as IU

[2022-07-01 18:20:19.063] [fileLog] [info] 
At end of round 0
==================
Observed 3597427 total fragments (3597427 in most recent round)

[2022-07-01 18:20:19.062] [jointLog] [info] Computed 15,951 rich equivalence classes for further processing
[2022-07-01 18:20:19.062] [jointLog] [info] Counted 3,393,631 total reads in the equivalence classes 
[2022-07-01 18:20:19.066] [jointLog] [info] Number of mappings discarded because of alignment score : 1,093,102
[2022-07-01 18:20:19.066] [jointLog] [info] Number of fragments entirely discarded because of alignment score : 201,160
[2022-07-01 18:20:19.066] [jointLog] [info] Number of fragments discarded because they are best-mapped to decoys : 0
[2022-07-01 18:20:19.066] [jointLog] [info] Number of fragments discarded because they have only dovetail (discordant) mappings to valid targets : 63,232
[2022-07-01 18:20:19.067] [jointLog] [warning] Only 3393631 fragments were mapped, but the number of burn-in fragments was set to 5000000.
The effective lengths have been computed using the observed mappings.

[2022-07-01 18:20:19.067] [jointLog] [info] Mapping rate = 94.335%

[2022-07-01 18:20:19.067] [jointLog] [info] finished quantifyLibrary()
[2022-07-01 18:20:19.071] [jointLog] [info] Starting optimizer
[2022-07-01 18:20:19.077] [jointLog] [info] Marked 0 weighted equivalence classes as degenerate
[2022-07-01 18:20:19.078] [jointLog] [info] iteration = 0 | max rel diff. = 12013.1
[2022-07-01 18:20:19.153] [jointLog] [info] iteration = 100 | max rel diff. = 1.73783e-05
[2022-07-01 18:20:19.153] [jointLog] [info] Finished optimizer
[2022-07-01 18:20:19.153] [jointLog] [info] writing output 

