[2022-07-04 20:06:27.598] [jointLog] [info] setting maxHashResizeThreads to 8
[2022-07-04 20:06:27.598] [jointLog] [info] Fragment incompatibility prior below threshold.  Incompatible fragments will be ignored.
[2022-07-04 20:06:27.598] [jointLog] [info] Usage of --validateMappings implies use of minScoreFraction. Since not explicitly specified, it is being set to 0.65
[2022-07-04 20:06:27.598] [jointLog] [info] Setting consensusSlack to selective-alignment default of 0.35.
[2022-07-04 20:06:27.598] [jointLog] [info] parsing read library format
[2022-07-04 20:06:27.598] [jointLog] [info] There is 1 library.
[2022-07-04 20:06:27.614] [jointLog] [info] Loading pufferfish index
[2022-07-04 20:06:27.614] [jointLog] [info] Loading dense pufferfish index.
[2022-07-04 20:06:29.566] [jointLog] [info] done
[2022-07-04 20:06:29.643] [jointLog] [info] Index contained 19,677 targets
[2022-07-04 20:06:29.648] [jointLog] [info] Number of decoys : 0
[2022-07-04 20:06:30.236] [jointLog] [info] Automatically detected most likely library type as U

[2022-07-04 20:07:13.809] [jointLog] [info] Computed 25,600 rich equivalence classes for further processing
[2022-07-04 20:07:13.809] [jointLog] [info] Counted 25,258,298 total reads in the equivalence classes 
[2022-07-04 20:07:13.813] [jointLog] [warning] 0.047806% of fragments were shorter than the k used to build the index.
If this fraction is too large, consider re-building the index with a smaller k.
The minimum read size found was 15.


[2022-07-04 20:07:13.814] [jointLog] [info] Number of mappings discarded because of alignment score : 13,397,903
[2022-07-04 20:07:13.814] [jointLog] [info] Number of fragments entirely discarded because of alignment score : 857,408
[2022-07-04 20:07:13.814] [jointLog] [info] Number of fragments discarded because they are best-mapped to decoys : 0
[2022-07-04 20:07:13.814] [jointLog] [info] Number of fragments discarded because they have only dovetail (discordant) mappings to valid targets : 0
[2022-07-04 20:07:13.814] [jointLog] [info] Mapping rate = 93.308%

[2022-07-04 20:07:13.814] [jointLog] [info] finished quantifyLibrary()
[2022-07-04 20:07:13.836] [jointLog] [info] Starting optimizer
[2022-07-04 20:07:13.844] [jointLog] [info] Marked 0 weighted equivalence classes as degenerate
[2022-07-04 20:07:13.845] [jointLog] [info] iteration = 0 | max rel diff. = 46691.6
[2022-07-04 20:07:13.956] [jointLog] [info] iteration = 100 | max rel diff. = 1.49674e-15
[2022-07-04 20:07:13.956] [jointLog] [info] Finished optimizer
[2022-07-04 20:07:13.956] [jointLog] [info] writing output 

[2022-07-04 20:07:13.809] [fileLog] [info] 
At end of round 0
==================
Observed 27069808 total fragments (27069808 in most recent round)

