[2022-07-04 19:49:26.340] [jointLog] [info] setting maxHashResizeThreads to 8
[2022-07-04 19:49:26.340] [jointLog] [info] Fragment incompatibility prior below threshold.  Incompatible fragments will be ignored.
[2022-07-04 19:49:26.340] [jointLog] [info] Usage of --validateMappings implies use of minScoreFraction. Since not explicitly specified, it is being set to 0.65
[2022-07-04 19:49:26.340] [jointLog] [info] Setting consensusSlack to selective-alignment default of 0.35.
[2022-07-04 19:49:26.340] [jointLog] [info] parsing read library format
[2022-07-04 19:49:26.340] [jointLog] [info] There is 1 library.
[2022-07-04 19:49:26.371] [jointLog] [info] Loading pufferfish index
[2022-07-04 19:49:26.390] [jointLog] [info] Loading dense pufferfish index.
[2022-07-04 19:49:28.349] [jointLog] [info] done
[2022-07-04 19:49:28.421] [jointLog] [info] Index contained 17,070 targets
[2022-07-04 19:49:28.425] [jointLog] [info] Number of decoys : 0
[2022-07-04 19:49:47.051] [jointLog] [info] Thread saw mini-batch with a maximum of 47.10% zero probability fragments
[2022-07-04 19:49:47.052] [jointLog] [info] Thread saw mini-batch with a maximum of 47.50% zero probability fragments
[2022-07-04 19:49:47.052] [jointLog] [info] Thread saw mini-batch with a maximum of 47.16% zero probability fragments
[2022-07-04 19:49:47.055] [jointLog] [info] Thread saw mini-batch with a maximum of 47.22% zero probability fragments
[2022-07-04 19:49:47.058] [jointLog] [info] Thread saw mini-batch with a maximum of 48.66% zero probability fragments
[2022-07-04 19:49:47.059] [jointLog] [info] Thread saw mini-batch with a maximum of 47.30% zero probability fragments
[2022-07-04 19:49:47.072] [jointLog] [info] Thread saw mini-batch with a maximum of 47.12% zero probability fragments
[2022-07-04 19:49:47.076] [jointLog] [info] Thread saw mini-batch with a maximum of 47.56% zero probability fragments
[2022-07-04 19:49:47.130] [jointLog] [info] Computed 21,791 rich equivalence classes for further processing
[2022-07-04 19:49:47.130] [jointLog] [info] Counted 5,297,059 total reads in the equivalence classes 
[2022-07-04 19:49:47.134] [jointLog] [info] Number of mappings discarded because of alignment score : 229,237
[2022-07-04 19:49:47.134] [jointLog] [info] Number of fragments entirely discarded because of alignment score : 162,669
[2022-07-04 19:49:47.134] [jointLog] [info] Number of fragments discarded because they are best-mapped to decoys : 0
[2022-07-04 19:49:47.134] [jointLog] [info] Number of fragments discarded because they have only dovetail (discordant) mappings to valid targets : 29,479
[2022-07-04 19:49:47.134] [jointLog] [info] Mapping rate = 51.1245%

[2022-07-04 19:49:47.134] [jointLog] [info] finished quantifyLibrary()
[2022-07-04 19:49:47.139] [jointLog] [info] Starting optimizer
[2022-07-04 19:49:47.148] [jointLog] [info] Marked 0 weighted equivalence classes as degenerate
[2022-07-04 19:49:47.150] [jointLog] [info] iteration = 0 | max rel diff. = 22284.2
[2022-07-04 19:49:47.250] [jointLog] [info] iteration = 100 | max rel diff. = 0.000259398
[2022-07-04 19:49:47.250] [jointLog] [info] Finished optimizer
[2022-07-04 19:49:47.250] [jointLog] [info] writing output 

[2022-07-04 19:49:47.131] [fileLog] [info] 
At end of round 0
==================
Observed 10361103 total fragments (10361103 in most recent round)

