[2022-07-01 18:20:38.303] [jointLog] [info] setting maxHashResizeThreads to 8
[2022-07-01 18:20:38.303] [jointLog] [info] Fragment incompatibility prior below threshold.  Incompatible fragments will be ignored.
[2022-07-01 18:20:38.303] [jointLog] [info] Usage of --validateMappings implies use of minScoreFraction. Since not explicitly specified, it is being set to 0.65
[2022-07-01 18:20:38.303] [jointLog] [info] Setting consensusSlack to selective-alignment default of 0.35.
[2022-07-01 18:20:38.303] [jointLog] [info] parsing read library format
[2022-07-01 18:20:38.303] [jointLog] [info] There is 1 library.
[2022-07-01 18:20:38.303] [jointLog] [info] Loading pufferfish index
[2022-07-01 18:20:38.303] [jointLog] [info] Loading dense pufferfish index.
[2022-07-01 18:20:38.423] [jointLog] [info] done
[2022-07-01 18:20:38.465] [jointLog] [info] Index contained 20,815 targets
[2022-07-01 18:20:38.471] [jointLog] [info] Number of decoys : 0
[2022-07-01 18:20:38.972] [jointLog] [info] Automatically detected most likely library type as IU

[2022-07-01 18:20:56.794] [jointLog] [info] Computed 21,467 rich equivalence classes for further processing
[2022-07-01 18:20:56.794] [jointLog] [info] Counted 4,191,155 total reads in the equivalence classes 
[2022-07-01 18:20:56.798] [jointLog] [info] Number of mappings discarded because of alignment score : 1,027,589
[2022-07-01 18:20:56.798] [jointLog] [info] Number of fragments entirely discarded because of alignment score : 360,603
[2022-07-01 18:20:56.798] [jointLog] [info] Number of fragments discarded because they are best-mapped to decoys : 0
[2022-07-01 18:20:56.798] [jointLog] [info] Number of fragments discarded because they have only dovetail (discordant) mappings to valid targets : 56,419
[2022-07-01 18:20:56.800] [jointLog] [warning] Only 4191155 fragments were mapped, but the number of burn-in fragments was set to 5000000.
The effective lengths have been computed using the observed mappings.

[2022-07-01 18:20:56.800] [jointLog] [info] Mapping rate = 91.9783%

[2022-07-01 18:20:56.800] [jointLog] [info] finished quantifyLibrary()
[2022-07-01 18:20:56.804] [jointLog] [info] Starting optimizer
[2022-07-01 18:20:56.813] [jointLog] [info] Marked 0 weighted equivalence classes as degenerate
[2022-07-01 18:20:56.814] [jointLog] [info] iteration = 0 | max rel diff. = 16267
[2022-07-01 18:20:56.899] [jointLog] [info] iteration = 100 | max rel diff. = 1.14887e-13
[2022-07-01 18:20:56.900] [jointLog] [info] Finished optimizer
[2022-07-01 18:20:56.900] [jointLog] [info] writing output 

[2022-07-01 18:20:56.795] [fileLog] [info] 
At end of round 0
==================
Observed 4556677 total fragments (4556677 in most recent round)

