[2022-07-04 19:49:32.520] [jointLog] [info] setting maxHashResizeThreads to 8
[2022-07-04 19:49:32.520] [jointLog] [info] Fragment incompatibility prior below threshold.  Incompatible fragments will be ignored.
[2022-07-04 19:49:32.520] [jointLog] [info] Usage of --validateMappings implies use of minScoreFraction. Since not explicitly specified, it is being set to 0.65
[2022-07-04 19:49:32.520] [jointLog] [info] Setting consensusSlack to selective-alignment default of 0.35.
[2022-07-04 19:49:32.520] [jointLog] [info] parsing read library format
[2022-07-04 19:49:32.520] [jointLog] [info] There is 1 library.
[2022-07-04 19:49:32.526] [jointLog] [info] Loading pufferfish index
[2022-07-04 19:49:32.535] [jointLog] [info] Loading dense pufferfish index.
[2022-07-04 19:49:34.416] [jointLog] [info] done
[2022-07-04 19:49:34.501] [jointLog] [info] Index contained 15,064 targets
[2022-07-04 19:49:34.505] [jointLog] [info] Number of decoys : 0
[2022-07-04 19:49:36.180] [fileLog] [info] 
At end of round 0
==================
Observed 230016 total fragments (230016 in most recent round)

[2022-07-04 19:49:36.102] [jointLog] [info] Thread saw mini-batch with a maximum of 35.38% zero probability fragments
[2022-07-04 19:49:36.102] [jointLog] [info] Thread saw mini-batch with a maximum of 34.80% zero probability fragments
[2022-07-04 19:49:36.111] [jointLog] [info] Thread saw mini-batch with a maximum of 34.78% zero probability fragments
[2022-07-04 19:49:36.112] [jointLog] [info] Thread saw mini-batch with a maximum of 34.40% zero probability fragments
[2022-07-04 19:49:36.121] [jointLog] [info] Thread saw mini-batch with a maximum of 33.74% zero probability fragments
[2022-07-04 19:49:36.126] [jointLog] [info] Thread saw mini-batch with a maximum of 35.10% zero probability fragments
[2022-07-04 19:49:36.134] [jointLog] [info] Thread saw mini-batch with a maximum of 35.80% zero probability fragments
[2022-07-04 19:49:36.141] [jointLog] [info] Thread saw mini-batch with a maximum of 34.64% zero probability fragments
[2022-07-04 19:49:36.180] [jointLog] [info] Computed 3,414 rich equivalence classes for further processing
[2022-07-04 19:49:36.180] [jointLog] [info] Counted 78,043 total reads in the equivalence classes 
[2022-07-04 19:49:36.184] [jointLog] [info] Number of mappings discarded because of alignment score : 155,390
[2022-07-04 19:49:36.184] [jointLog] [info] Number of fragments entirely discarded because of alignment score : 32,887
[2022-07-04 19:49:36.184] [jointLog] [info] Number of fragments discarded because they are best-mapped to decoys : 0
[2022-07-04 19:49:36.184] [jointLog] [info] Number of fragments discarded because they have only dovetail (discordant) mappings to valid targets : 12,126
[2022-07-04 19:49:36.185] [jointLog] [warning] Only 78043 fragments were mapped, but the number of burn-in fragments was set to 5000000.
The effective lengths have been computed using the observed mappings.

[2022-07-04 19:49:36.185] [jointLog] [info] Mapping rate = 33.9294%

[2022-07-04 19:49:36.185] [jointLog] [info] finished quantifyLibrary()
[2022-07-04 19:49:36.190] [jointLog] [info] Starting optimizer
[2022-07-04 19:49:36.194] [jointLog] [info] Marked 0 weighted equivalence classes as degenerate
[2022-07-04 19:49:36.195] [jointLog] [info] iteration = 0 | max rel diff. = 501.268
[2022-07-04 19:49:36.244] [jointLog] [info] iteration = 100 | max rel diff. = 1.99838e-16
[2022-07-04 19:49:36.244] [jointLog] [info] Finished optimizer
[2022-07-04 19:49:36.244] [jointLog] [info] writing output 

