[2022-07-01 18:13:10.496] [jointLog] [info] setting maxHashResizeThreads to 8
[2022-07-01 18:13:10.496] [jointLog] [info] Fragment incompatibility prior below threshold.  Incompatible fragments will be ignored.
[2022-07-01 18:13:10.496] [jointLog] [info] Usage of --validateMappings implies use of minScoreFraction. Since not explicitly specified, it is being set to 0.65
[2022-07-01 18:13:10.496] [jointLog] [info] Setting consensusSlack to selective-alignment default of 0.35.
[2022-07-01 18:13:10.496] [jointLog] [info] parsing read library format
[2022-07-01 18:13:10.496] [jointLog] [info] There is 1 library.
[2022-07-01 18:13:10.501] [jointLog] [info] Loading pufferfish index
[2022-07-01 18:13:10.501] [jointLog] [info] Loading dense pufferfish index.
[2022-07-01 18:13:11.125] [jointLog] [info] done
[2022-07-01 18:13:11.178] [jointLog] [info] Index contained 91,133 targets
[2022-07-01 18:13:11.202] [jointLog] [info] Number of decoys : 0
[2022-07-01 18:13:11.536] [jointLog] [info] Automatically detected most likely library type as IU

[2022-07-01 18:15:25.927] [jointLog] [info] Computed 234,262 rich equivalence classes for further processing
[2022-07-01 18:15:25.927] [jointLog] [info] Counted 57,410,078 total reads in the equivalence classes 
[2022-07-01 18:15:25.933] [jointLog] [info] Number of mappings discarded because of alignment score : 3,403,557
[2022-07-01 18:15:25.933] [jointLog] [info] Number of fragments entirely discarded because of alignment score : 2,089,891
[2022-07-01 18:15:25.933] [jointLog] [info] Number of fragments discarded because they are best-mapped to decoys : 0
[2022-07-01 18:15:25.933] [jointLog] [info] Number of fragments discarded because they have only dovetail (discordant) mappings to valid targets : 156,052
[2022-07-01 18:15:25.933] [jointLog] [info] Mapping rate = 96.2587%

[2022-07-01 18:15:25.933] [jointLog] [info] finished quantifyLibrary()
[2022-07-01 18:15:25.937] [jointLog] [info] Starting optimizer
[2022-07-01 18:15:26.001] [jointLog] [info] Marked 0 weighted equivalence classes as degenerate
[2022-07-01 18:15:26.008] [jointLog] [info] iteration = 0 | max rel diff. = 146.819
[2022-07-01 18:15:25.928] [fileLog] [info] 
At end of round 0
==================
Observed 59641461 total fragments (59641461 in most recent round)

[2022-07-01 18:15:26.591] [jointLog] [info] iteration = 100 | max rel diff. = 1.17864e-07
[2022-07-01 18:15:26.595] [jointLog] [info] Finished optimizer
[2022-07-01 18:15:26.595] [jointLog] [info] writing output 

[2022-07-01 18:15:26.730] [jointLog] [warning] NOTE: Read Lib [[ /camp/lab/langhornej/working/HPC/littlet/tl22-01_vivaxDeNovo/bbduk/all_files/SRX5259278_SRR8452529_rR_rRNAdep.fq.1.gz, /camp/lab/langhornej/working/HPC/littlet/tl22-01_vivaxDeNovo/bbduk/all_files/SRX5259278_SRR8452529_rR_rRNAdep.fq.2.gz]] :

Detected a *potential* strand bias > 1% in an unstranded protocol check the file: /camp/lab/langhornej/working/HPC/littlet/tl22-01_vivaxDeNovo/salmon/all_files/SRX5259278_SRR8452529/SRX5259278_SRR8452529_quant/lib_format_counts.json for details

