[2022-07-04 20:06:55.991] [jointLog] [info] setting maxHashResizeThreads to 8
[2022-07-04 20:06:55.991] [jointLog] [info] Fragment incompatibility prior below threshold.  Incompatible fragments will be ignored.
[2022-07-04 20:06:55.991] [jointLog] [info] Usage of --validateMappings implies use of minScoreFraction. Since not explicitly specified, it is being set to 0.65
[2022-07-04 20:06:55.991] [jointLog] [info] Setting consensusSlack to selective-alignment default of 0.35.
[2022-07-04 20:06:55.991] [jointLog] [info] parsing read library format
[2022-07-04 20:06:55.991] [jointLog] [info] There is 1 library.
[2022-07-04 20:06:55.998] [jointLog] [info] Loading pufferfish index
[2022-07-04 20:06:56.001] [jointLog] [info] Loading dense pufferfish index.
[2022-07-04 20:06:56.956] [jointLog] [info] done
[2022-07-04 20:06:56.999] [jointLog] [info] Index contained 67,477 targets
[2022-07-04 20:06:57.016] [jointLog] [info] Number of decoys : 0
[2022-07-04 20:06:57.610] [jointLog] [info] Automatically detected most likely library type as U

[2022-07-04 20:10:57.785] [jointLog] [info] Computed 332,212 rich equivalence classes for further processing
[2022-07-04 20:10:57.785] [jointLog] [info] Counted 16,947,663 total reads in the equivalence classes 
[2022-07-04 20:10:57.793] [jointLog] [info] Number of mappings discarded because of alignment score : 100,916,387
[2022-07-04 20:10:57.793] [jointLog] [info] Number of fragments entirely discarded because of alignment score : 1,422,055
[2022-07-04 20:10:57.793] [jointLog] [info] Number of fragments discarded because they are best-mapped to decoys : 0
[2022-07-04 20:10:57.793] [jointLog] [info] Number of fragments discarded because they have only dovetail (discordant) mappings to valid targets : 0
[2022-07-04 20:10:57.793] [jointLog] [info] Mapping rate = 81.3289%

[2022-07-04 20:10:57.793] [jointLog] [info] finished quantifyLibrary()
[2022-07-04 20:10:57.822] [jointLog] [info] Starting optimizer
[2022-07-04 20:10:57.879] [jointLog] [info] Marked 0 weighted equivalence classes as degenerate
[2022-07-04 20:10:57.890] [jointLog] [info] iteration = 0 | max rel diff. = 8847.96
[2022-07-04 20:10:57.785] [fileLog] [info] 
At end of round 0
==================
Observed 20838419 total fragments (20838419 in most recent round)

[2022-07-04 20:10:58.854] [jointLog] [info] iteration = 100 | max rel diff. = 5.55923e-15
[2022-07-04 20:10:58.856] [jointLog] [info] Finished optimizer
[2022-07-04 20:10:58.856] [jointLog] [info] writing output 

