[2022-07-01 18:21:04.567] [jointLog] [info] setting maxHashResizeThreads to 8
[2022-07-01 18:21:04.567] [jointLog] [info] Fragment incompatibility prior below threshold.  Incompatible fragments will be ignored.
[2022-07-01 18:21:04.567] [jointLog] [info] Usage of --validateMappings implies use of minScoreFraction. Since not explicitly specified, it is being set to 0.65
[2022-07-01 18:21:04.567] [jointLog] [info] Setting consensusSlack to selective-alignment default of 0.35.
[2022-07-01 18:21:04.567] [jointLog] [info] parsing read library format
[2022-07-01 18:21:04.567] [jointLog] [info] There is 1 library.
[2022-07-01 18:21:04.571] [jointLog] [info] Loading pufferfish index
[2022-07-01 18:21:04.573] [jointLog] [info] Loading dense pufferfish index.
[2022-07-01 18:21:04.958] [jointLog] [info] done
[2022-07-01 18:21:05.003] [jointLog] [info] Index contained 23,627 targets
[2022-07-01 18:21:05.010] [jointLog] [info] Number of decoys : 0
[2022-07-01 18:21:05.546] [jointLog] [info] Automatically detected most likely library type as IU

[2022-07-01 18:21:34.329] [jointLog] [info] Computed 33,466 rich equivalence classes for further processing
[2022-07-01 18:21:34.329] [jointLog] [info] Counted 6,509,991 total reads in the equivalence classes 
[2022-07-01 18:21:34.334] [jointLog] [info] Number of mappings discarded because of alignment score : 4,321,137
[2022-07-01 18:21:34.334] [jointLog] [info] Number of fragments entirely discarded because of alignment score : 455,056
[2022-07-01 18:21:34.334] [jointLog] [info] Number of fragments discarded because they are best-mapped to decoys : 0
[2022-07-01 18:21:34.334] [jointLog] [info] Number of fragments discarded because they have only dovetail (discordant) mappings to valid targets : 571,437
[2022-07-01 18:21:34.334] [jointLog] [info] Mapping rate = 93.2917%

[2022-07-01 18:21:34.334] [jointLog] [info] finished quantifyLibrary()
[2022-07-01 18:21:34.338] [jointLog] [info] Starting optimizer
[2022-07-01 18:21:34.398] [jointLog] [info] Marked 0 weighted equivalence classes as degenerate
[2022-07-01 18:21:34.399] [jointLog] [info] iteration = 0 | max rel diff. = 21564.6
[2022-07-01 18:21:34.508] [jointLog] [info] iteration = 100 | max rel diff. = 9.23189e-16
[2022-07-01 18:21:34.509] [jointLog] [info] Finished optimizer
[2022-07-01 18:21:34.509] [jointLog] [info] writing output 

[2022-07-01 18:21:34.330] [fileLog] [info] 
At end of round 0
==================
Observed 6978105 total fragments (6978105 in most recent round)

