[2022-07-04 19:49:37.870] [jointLog] [info] setting maxHashResizeThreads to 8
[2022-07-04 19:49:37.870] [jointLog] [info] Fragment incompatibility prior below threshold.  Incompatible fragments will be ignored.
[2022-07-04 19:49:37.870] [jointLog] [info] Usage of --validateMappings implies use of minScoreFraction. Since not explicitly specified, it is being set to 0.65
[2022-07-04 19:49:37.870] [jointLog] [info] Setting consensusSlack to selective-alignment default of 0.35.
[2022-07-04 19:49:37.870] [jointLog] [info] parsing read library format
[2022-07-04 19:49:37.870] [jointLog] [info] There is 1 library.
[2022-07-04 19:49:37.889] [jointLog] [info] Loading pufferfish index
[2022-07-04 19:49:37.899] [jointLog] [info] Loading dense pufferfish index.
[2022-07-04 19:49:38.364] [jointLog] [info] done
[2022-07-04 19:49:38.415] [jointLog] [info] Index contained 4,673 targets
[2022-07-04 19:49:38.416] [jointLog] [info] Number of decoys : 0
[2022-07-04 19:49:40.577] [jointLog] [info] Thread saw mini-batch with a maximum of 29.02% zero probability fragments
[2022-07-04 19:49:40.577] [jointLog] [info] Thread saw mini-batch with a maximum of 28.82% zero probability fragments
[2022-07-04 19:49:40.577] [jointLog] [info] Thread saw mini-batch with a maximum of 29.70% zero probability fragments
[2022-07-04 19:49:40.586] [jointLog] [info] Thread saw mini-batch with a maximum of 29.42% zero probability fragments
[2022-07-04 19:49:40.591] [jointLog] [info] Thread saw mini-batch with a maximum of 29.62% zero probability fragments
[2022-07-04 19:49:40.600] [jointLog] [info] Thread saw mini-batch with a maximum of 29.23% zero probability fragments
[2022-07-04 19:49:40.602] [jointLog] [info] Thread saw mini-batch with a maximum of 29.82% zero probability fragments
[2022-07-04 19:49:40.603] [jointLog] [info] Thread saw mini-batch with a maximum of 30.24% zero probability fragments
[2022-07-04 19:49:40.658] [jointLog] [info] Computed 2,637 rich equivalence classes for further processing
[2022-07-04 19:49:40.658] [jointLog] [info] Counted 169,413 total reads in the equivalence classes 
[2022-07-04 19:49:40.663] [jointLog] [info] Number of mappings discarded because of alignment score : 247,294
[2022-07-04 19:49:40.663] [jointLog] [info] Number of fragments entirely discarded because of alignment score : 62,771
[2022-07-04 19:49:40.663] [jointLog] [info] Number of fragments discarded because they are best-mapped to decoys : 0
[2022-07-04 19:49:40.663] [jointLog] [info] Number of fragments discarded because they have only dovetail (discordant) mappings to valid targets : 24,307
[2022-07-04 19:49:40.664] [jointLog] [warning] Only 169413 fragments were mapped, but the number of burn-in fragments was set to 5000000.
The effective lengths have been computed using the observed mappings.

[2022-07-04 19:49:40.664] [jointLog] [info] Mapping rate = 20.9518%

[2022-07-04 19:49:40.664] [jointLog] [info] finished quantifyLibrary()
[2022-07-04 19:49:40.669] [jointLog] [info] Starting optimizer
[2022-07-04 19:49:40.673] [jointLog] [info] Marked 0 weighted equivalence classes as degenerate
[2022-07-04 19:49:40.673] [jointLog] [info] iteration = 0 | max rel diff. = 2778.83
[2022-07-04 19:49:40.695] [jointLog] [info] iteration = 100 | max rel diff. = 1.8772e-16
[2022-07-04 19:49:40.695] [jointLog] [info] Finished optimizer
[2022-07-04 19:49:40.695] [jointLog] [info] writing output 

[2022-07-04 19:49:40.658] [fileLog] [info] 
At end of round 0
==================
Observed 808585 total fragments (808585 in most recent round)

