[2022-07-04 19:49:26.668] [jointLog] [info] setting maxHashResizeThreads to 8
[2022-07-04 19:49:26.668] [jointLog] [info] Fragment incompatibility prior below threshold.  Incompatible fragments will be ignored.
[2022-07-04 19:49:26.668] [jointLog] [info] Usage of --validateMappings implies use of minScoreFraction. Since not explicitly specified, it is being set to 0.65
[2022-07-04 19:49:26.668] [jointLog] [info] Setting consensusSlack to selective-alignment default of 0.35.
[2022-07-04 19:49:26.668] [jointLog] [info] parsing read library format
[2022-07-04 19:49:26.668] [jointLog] [info] There is 1 library.
[2022-07-04 19:49:26.696] [jointLog] [info] Loading pufferfish index
[2022-07-04 19:49:26.710] [jointLog] [info] Loading dense pufferfish index.
[2022-07-04 19:49:27.214] [jointLog] [info] done
[2022-07-04 19:49:27.278] [jointLog] [info] Index contained 6,997 targets
[2022-07-04 19:49:27.279] [jointLog] [info] Number of decoys : 0
[2022-07-04 19:49:28.750] [fileLog] [info] 
At end of round 0
==================
Observed 450437 total fragments (450437 in most recent round)

[2022-07-04 19:49:28.667] [jointLog] [info] Thread saw mini-batch with a maximum of 35.74% zero probability fragments
[2022-07-04 19:49:28.670] [jointLog] [info] Thread saw mini-batch with a maximum of 35.94% zero probability fragments
[2022-07-04 19:49:28.672] [jointLog] [info] Thread saw mini-batch with a maximum of 35.66% zero probability fragments
[2022-07-04 19:49:28.679] [jointLog] [info] Thread saw mini-batch with a maximum of 34.22% zero probability fragments
[2022-07-04 19:49:28.679] [jointLog] [info] Thread saw mini-batch with a maximum of 35.78% zero probability fragments
[2022-07-04 19:49:28.689] [jointLog] [info] Thread saw mini-batch with a maximum of 34.46% zero probability fragments
[2022-07-04 19:49:28.694] [jointLog] [info] Thread saw mini-batch with a maximum of 34.76% zero probability fragments
[2022-07-04 19:49:28.700] [jointLog] [info] Thread saw mini-batch with a maximum of 35.34% zero probability fragments
[2022-07-04 19:49:28.749] [jointLog] [info] Computed 3,715 rich equivalence classes for further processing
[2022-07-04 19:49:28.749] [jointLog] [info] Counted 173,195 total reads in the equivalence classes 
[2022-07-04 19:49:28.754] [jointLog] [info] Number of mappings discarded because of alignment score : 227,076
[2022-07-04 19:49:28.754] [jointLog] [info] Number of fragments entirely discarded because of alignment score : 40,946
[2022-07-04 19:49:28.754] [jointLog] [info] Number of fragments discarded because they are best-mapped to decoys : 0
[2022-07-04 19:49:28.754] [jointLog] [info] Number of fragments discarded because they have only dovetail (discordant) mappings to valid targets : 18,394
[2022-07-04 19:49:28.755] [jointLog] [warning] Only 173195 fragments were mapped, but the number of burn-in fragments was set to 5000000.
The effective lengths have been computed using the observed mappings.

[2022-07-04 19:49:28.755] [jointLog] [info] Mapping rate = 38.4504%

[2022-07-04 19:49:28.755] [jointLog] [info] finished quantifyLibrary()
[2022-07-04 19:49:28.768] [jointLog] [info] Starting optimizer
[2022-07-04 19:49:28.772] [jointLog] [info] Marked 0 weighted equivalence classes as degenerate
[2022-07-04 19:49:28.772] [jointLog] [info] iteration = 0 | max rel diff. = 1333.59
[2022-07-04 19:49:28.799] [jointLog] [info] iteration = 100 | max rel diff. = 4.84986e-16
[2022-07-04 19:49:28.800] [jointLog] [info] Finished optimizer
[2022-07-04 19:49:28.800] [jointLog] [info] writing output 

