[2022-07-04 19:49:21.827] [jointLog] [info] setting maxHashResizeThreads to 8
[2022-07-04 19:49:21.827] [jointLog] [info] Fragment incompatibility prior below threshold.  Incompatible fragments will be ignored.
[2022-07-04 19:49:21.827] [jointLog] [info] Usage of --validateMappings implies use of minScoreFraction. Since not explicitly specified, it is being set to 0.65
[2022-07-04 19:49:21.827] [jointLog] [info] Setting consensusSlack to selective-alignment default of 0.35.
[2022-07-04 19:49:21.827] [jointLog] [info] parsing read library format
[2022-07-04 19:49:21.827] [jointLog] [info] There is 1 library.
[2022-07-04 19:49:21.840] [jointLog] [info] Loading pufferfish index
[2022-07-04 19:49:21.841] [jointLog] [info] Loading dense pufferfish index.
[2022-07-04 19:49:22.127] [jointLog] [info] done
[2022-07-04 19:49:22.218] [jointLog] [info] Index contained 2,114 targets
[2022-07-04 19:49:22.218] [jointLog] [info] Number of decoys : 0
[2022-07-04 19:49:23.314] [fileLog] [info] 
At end of round 0
==================
Observed 200527 total fragments (200527 in most recent round)

[2022-07-04 19:49:23.255] [jointLog] [info] Thread saw mini-batch with a maximum of 39.70% zero probability fragments
[2022-07-04 19:49:23.255] [jointLog] [info] Thread saw mini-batch with a maximum of 40.08% zero probability fragments
[2022-07-04 19:49:23.255] [jointLog] [info] Thread saw mini-batch with a maximum of 37.86% zero probability fragments
[2022-07-04 19:49:23.255] [jointLog] [info] Thread saw mini-batch with a maximum of 38.90% zero probability fragments
[2022-07-04 19:49:23.258] [jointLog] [info] Thread saw mini-batch with a maximum of 39.56% zero probability fragments
[2022-07-04 19:49:23.263] [jointLog] [info] Thread saw mini-batch with a maximum of 38.26% zero probability fragments
[2022-07-04 19:49:23.271] [jointLog] [info] Thread saw mini-batch with a maximum of 38.62% zero probability fragments
[2022-07-04 19:49:23.277] [jointLog] [info] Thread saw mini-batch with a maximum of 39.34% zero probability fragments
[2022-07-04 19:49:23.314] [jointLog] [info] Computed 873 rich equivalence classes for further processing
[2022-07-04 19:49:23.314] [jointLog] [info] Counted 82,097 total reads in the equivalence classes 
[2022-07-04 19:49:23.317] [jointLog] [info] Number of mappings discarded because of alignment score : 89,474
[2022-07-04 19:49:23.317] [jointLog] [info] Number of fragments entirely discarded because of alignment score : 19,942
[2022-07-04 19:49:23.317] [jointLog] [info] Number of fragments discarded because they are best-mapped to decoys : 0
[2022-07-04 19:49:23.317] [jointLog] [info] Number of fragments discarded because they have only dovetail (discordant) mappings to valid targets : 11,630
[2022-07-04 19:49:23.318] [jointLog] [warning] Only 82097 fragments were mapped, but the number of burn-in fragments was set to 5000000.
The effective lengths have been computed using the observed mappings.

[2022-07-04 19:49:23.318] [jointLog] [info] Mapping rate = 40.9406%

[2022-07-04 19:49:23.318] [jointLog] [info] finished quantifyLibrary()
[2022-07-04 19:49:23.327] [jointLog] [info] Starting optimizer
[2022-07-04 19:49:23.329] [jointLog] [info] Marked 0 weighted equivalence classes as degenerate
[2022-07-04 19:49:23.329] [jointLog] [info] iteration = 0 | max rel diff. = 248.768
[2022-07-04 19:49:23.339] [jointLog] [info] iteration = 100 | max rel diff. = 1.9877e-16
[2022-07-04 19:49:23.339] [jointLog] [info] Finished optimizer
[2022-07-04 19:49:23.339] [jointLog] [info] writing output 

