[2022-07-05 15:34:19.261] [jointLog] [info] setting maxHashResizeThreads to 8
[2022-07-05 15:34:19.261] [jointLog] [info] Fragment incompatibility prior below threshold.  Incompatible fragments will be ignored.
[2022-07-05 15:34:19.261] [jointLog] [info] Usage of --validateMappings implies use of minScoreFraction. Since not explicitly specified, it is being set to 0.65
[2022-07-05 15:34:19.261] [jointLog] [info] Setting consensusSlack to selective-alignment default of 0.35.
[2022-07-05 15:34:19.261] [jointLog] [info] parsing read library format
[2022-07-05 15:34:19.261] [jointLog] [info] There is 1 library.
[2022-07-05 15:34:19.284] [jointLog] [info] Loading pufferfish index
[2022-07-05 15:34:19.291] [jointLog] [info] Loading dense pufferfish index.
[2022-07-05 15:34:21.656] [jointLog] [info] done
[2022-07-05 15:34:21.712] [jointLog] [info] Index contained 49,653 targets
[2022-07-05 15:34:21.724] [jointLog] [info] Number of decoys : 0
[2022-07-05 15:34:23.120] [jointLog] [info] Automatically detected most likely library type as IU

[2022-07-05 15:37:03.930] [fileLog] [info] 
At end of round 0
==================
Observed 17156908 total fragments (17156908 in most recent round)

[2022-07-05 15:37:03.929] [jointLog] [info] Computed 130,341 rich equivalence classes for further processing
[2022-07-05 15:37:03.929] [jointLog] [info] Counted 14,648,073 total reads in the equivalence classes 
[2022-07-05 15:37:03.935] [jointLog] [info] Number of mappings discarded because of alignment score : 9,847,205
[2022-07-05 15:37:03.935] [jointLog] [info] Number of fragments entirely discarded because of alignment score : 2,319,961
[2022-07-05 15:37:03.935] [jointLog] [info] Number of fragments discarded because they are best-mapped to decoys : 0
[2022-07-05 15:37:03.935] [jointLog] [info] Number of fragments discarded because they have only dovetail (discordant) mappings to valid targets : 693,208
[2022-07-05 15:37:03.935] [jointLog] [info] Mapping rate = 85.3771%

[2022-07-05 15:37:03.935] [jointLog] [info] finished quantifyLibrary()
[2022-07-05 15:37:03.949] [jointLog] [info] Starting optimizer
[2022-07-05 15:37:03.991] [jointLog] [info] Marked 0 weighted equivalence classes as degenerate
[2022-07-05 15:37:03.995] [jointLog] [info] iteration = 0 | max rel diff. = 19279.9
[2022-07-05 15:37:04.336] [jointLog] [info] iteration = 100 | max rel diff. = 4.42683e-05
[2022-07-05 15:37:04.342] [jointLog] [info] Finished optimizer
[2022-07-05 15:37:04.342] [jointLog] [info] writing output 

