[2022-07-04 19:49:34.995] [jointLog] [info] setting maxHashResizeThreads to 8
[2022-07-04 19:49:34.995] [jointLog] [info] Fragment incompatibility prior below threshold.  Incompatible fragments will be ignored.
[2022-07-04 19:49:34.995] [jointLog] [info] Usage of --validateMappings implies use of minScoreFraction. Since not explicitly specified, it is being set to 0.65
[2022-07-04 19:49:34.995] [jointLog] [info] Setting consensusSlack to selective-alignment default of 0.35.
[2022-07-04 19:49:34.995] [jointLog] [info] parsing read library format
[2022-07-04 19:49:34.995] [jointLog] [info] There is 1 library.
[2022-07-04 19:49:35.036] [jointLog] [info] Loading pufferfish index
[2022-07-04 19:49:35.044] [jointLog] [info] Loading dense pufferfish index.
[2022-07-04 19:49:35.981] [jointLog] [info] done
[2022-07-04 19:49:36.041] [jointLog] [info] Index contained 10,506 targets
[2022-07-04 19:49:36.043] [jointLog] [info] Number of decoys : 0
[2022-07-04 19:49:38.384] [jointLog] [info] Thread saw mini-batch with a maximum of 42.08% zero probability fragments
[2022-07-04 19:49:38.384] [jointLog] [info] Thread saw mini-batch with a maximum of 42.30% zero probability fragments
[2022-07-04 19:49:38.385] [jointLog] [info] Thread saw mini-batch with a maximum of 41.54% zero probability fragments
[2022-07-04 19:49:38.388] [jointLog] [info] Thread saw mini-batch with a maximum of 42.78% zero probability fragments
[2022-07-04 19:49:38.397] [jointLog] [info] Thread saw mini-batch with a maximum of 42.56% zero probability fragments
[2022-07-04 19:49:38.404] [jointLog] [info] Thread saw mini-batch with a maximum of 42.26% zero probability fragments
[2022-07-04 19:49:38.411] [jointLog] [info] Thread saw mini-batch with a maximum of 42.46% zero probability fragments
[2022-07-04 19:49:38.414] [jointLog] [info] Thread saw mini-batch with a maximum of 41.42% zero probability fragments
[2022-07-04 19:49:38.462] [jointLog] [info] Computed 4,224 rich equivalence classes for further processing
[2022-07-04 19:49:38.462] [jointLog] [info] Counted 267,293 total reads in the equivalence classes 
[2022-07-04 19:49:38.466] [jointLog] [info] Number of mappings discarded because of alignment score : 80,358
[2022-07-04 19:49:38.466] [jointLog] [info] Number of fragments entirely discarded because of alignment score : 24,500
[2022-07-04 19:49:38.466] [jointLog] [info] Number of fragments discarded because they are best-mapped to decoys : 0
[2022-07-04 19:49:38.466] [jointLog] [info] Number of fragments discarded because they have only dovetail (discordant) mappings to valid targets : 12,673
[2022-07-04 19:49:38.467] [jointLog] [warning] Only 267293 fragments were mapped, but the number of burn-in fragments was set to 5000000.
The effective lengths have been computed using the observed mappings.

[2022-07-04 19:49:38.467] [jointLog] [info] Mapping rate = 37.2358%

[2022-07-04 19:49:38.467] [jointLog] [info] finished quantifyLibrary()
[2022-07-04 19:49:38.476] [jointLog] [info] Starting optimizer
[2022-07-04 19:49:38.480] [jointLog] [info] Marked 0 weighted equivalence classes as degenerate
[2022-07-04 19:49:38.481] [jointLog] [info] iteration = 0 | max rel diff. = 2215.88
[2022-07-04 19:49:38.521] [jointLog] [info] iteration = 100 | max rel diff. = 2.44119e-16
[2022-07-04 19:49:38.522] [jointLog] [info] Finished optimizer
[2022-07-04 19:49:38.522] [jointLog] [info] writing output 

[2022-07-04 19:49:38.462] [fileLog] [info] 
At end of round 0
==================
Observed 717839 total fragments (717839 in most recent round)

