[2022-07-05 15:34:19.252] [jointLog] [info] setting maxHashResizeThreads to 8
[2022-07-05 15:34:19.252] [jointLog] [info] Fragment incompatibility prior below threshold.  Incompatible fragments will be ignored.
[2022-07-05 15:34:19.252] [jointLog] [info] Usage of --validateMappings implies use of minScoreFraction. Since not explicitly specified, it is being set to 0.65
[2022-07-05 15:34:19.252] [jointLog] [info] Setting consensusSlack to selective-alignment default of 0.35.
[2022-07-05 15:34:19.252] [jointLog] [info] parsing read library format
[2022-07-05 15:34:19.252] [jointLog] [info] There is 1 library.
[2022-07-05 15:34:19.267] [jointLog] [info] Loading pufferfish index
[2022-07-05 15:34:19.284] [jointLog] [info] Loading dense pufferfish index.
[2022-07-05 15:34:21.256] [jointLog] [info] done
[2022-07-05 15:34:21.328] [jointLog] [info] Index contained 17,779 targets
[2022-07-05 15:34:21.333] [jointLog] [info] Number of decoys : 0
[2022-07-05 15:34:23.025] [jointLog] [info] Automatically detected most likely library type as IU

[2022-07-05 15:35:49.494] [jointLog] [info] Computed 124,059 rich equivalence classes for further processing
[2022-07-05 15:35:49.494] [jointLog] [info] Counted 25,267,039 total reads in the equivalence classes 
[2022-07-05 15:35:49.498] [jointLog] [info] Number of mappings discarded because of alignment score : 3,191,033
[2022-07-05 15:35:49.498] [jointLog] [info] Number of fragments entirely discarded because of alignment score : 1,793,064
[2022-07-05 15:35:49.498] [jointLog] [info] Number of fragments discarded because they are best-mapped to decoys : 0
[2022-07-05 15:35:49.498] [jointLog] [info] Number of fragments discarded because they have only dovetail (discordant) mappings to valid targets : 248,621
[2022-07-05 15:35:49.498] [jointLog] [info] Mapping rate = 93.3242%

[2022-07-05 15:35:49.498] [jointLog] [info] finished quantifyLibrary()
[2022-07-05 15:35:49.504] [jointLog] [info] Starting optimizer
[2022-07-05 15:35:49.518] [jointLog] [info] Marked 0 weighted equivalence classes as degenerate
[2022-07-05 15:35:49.521] [jointLog] [info] iteration = 0 | max rel diff. = 63945.4
[2022-07-05 15:35:49.724] [jointLog] [info] iteration = 100 | max rel diff. = 2.6745e-12
[2022-07-05 15:35:49.726] [jointLog] [info] Finished optimizer
[2022-07-05 15:35:49.726] [jointLog] [info] writing output 

[2022-07-05 15:35:49.494] [fileLog] [info] 
At end of round 0
==================
Observed 27074466 total fragments (27074466 in most recent round)

