[2022-07-04 20:06:50.787] [jointLog] [info] setting maxHashResizeThreads to 8
[2022-07-04 20:06:50.787] [jointLog] [info] Fragment incompatibility prior below threshold.  Incompatible fragments will be ignored.
[2022-07-04 20:06:50.787] [jointLog] [info] Usage of --validateMappings implies use of minScoreFraction. Since not explicitly specified, it is being set to 0.65
[2022-07-04 20:06:50.787] [jointLog] [info] Setting consensusSlack to selective-alignment default of 0.35.
[2022-07-04 20:06:50.787] [jointLog] [info] parsing read library format
[2022-07-04 20:06:50.787] [jointLog] [info] There is 1 library.
[2022-07-04 20:06:50.792] [jointLog] [info] Loading pufferfish index
[2022-07-04 20:06:50.793] [jointLog] [info] Loading dense pufferfish index.
[2022-07-04 20:06:52.332] [jointLog] [info] done
[2022-07-04 20:06:52.379] [jointLog] [info] Index contained 43,787 targets
[2022-07-04 20:06:52.389] [jointLog] [info] Number of decoys : 0
[2022-07-04 20:06:53.291] [jointLog] [info] Automatically detected most likely library type as U

[2022-07-04 20:15:02.502] [fileLog] [info] 
At end of round 0
==================
Observed 27273946 total fragments (27273946 in most recent round)

[2022-07-04 20:15:02.501] [jointLog] [info] Computed 194,709 rich equivalence classes for further processing
[2022-07-04 20:15:02.501] [jointLog] [info] Counted 23,459,659 total reads in the equivalence classes 
[2022-07-04 20:15:02.507] [jointLog] [info] Number of mappings discarded because of alignment score : 312,724,407
[2022-07-04 20:15:02.507] [jointLog] [info] Number of fragments entirely discarded because of alignment score : 2,581,210
[2022-07-04 20:15:02.507] [jointLog] [info] Number of fragments discarded because they are best-mapped to decoys : 0
[2022-07-04 20:15:02.507] [jointLog] [info] Number of fragments discarded because they have only dovetail (discordant) mappings to valid targets : 0
[2022-07-04 20:15:02.507] [jointLog] [info] Mapping rate = 86.0149%

[2022-07-04 20:15:02.507] [jointLog] [info] finished quantifyLibrary()
[2022-07-04 20:15:02.559] [jointLog] [info] Starting optimizer
[2022-07-04 20:15:02.597] [jointLog] [info] Marked 0 weighted equivalence classes as degenerate
[2022-07-04 20:15:02.604] [jointLog] [info] iteration = 0 | max rel diff. = 2530.42
[2022-07-04 20:15:03.357] [jointLog] [info] iteration = 100 | max rel diff. = 0.000187696
[2022-07-04 20:15:03.359] [jointLog] [info] Finished optimizer
[2022-07-04 20:15:03.359] [jointLog] [info] writing output 

