[2022-07-05 15:34:19.252] [jointLog] [info] setting maxHashResizeThreads to 8
[2022-07-05 15:34:19.252] [jointLog] [info] Fragment incompatibility prior below threshold.  Incompatible fragments will be ignored.
[2022-07-05 15:34:19.252] [jointLog] [info] Usage of --validateMappings implies use of minScoreFraction. Since not explicitly specified, it is being set to 0.65
[2022-07-05 15:34:19.252] [jointLog] [info] Setting consensusSlack to selective-alignment default of 0.35.
[2022-07-05 15:34:19.252] [jointLog] [info] parsing read library format
[2022-07-05 15:34:19.252] [jointLog] [info] There is 1 library.
[2022-07-05 15:34:19.267] [jointLog] [info] Loading pufferfish index
[2022-07-05 15:34:19.272] [jointLog] [info] Loading dense pufferfish index.
[2022-07-05 15:34:22.285] [jointLog] [info] done
[2022-07-05 15:34:22.332] [jointLog] [info] Index contained 60,046 targets
[2022-07-05 15:34:22.348] [jointLog] [info] Number of decoys : 0
[2022-07-05 15:34:25.679] [jointLog] [info] Automatically detected most likely library type as IU

[2022-07-05 15:35:53.828] [jointLog] [info] Computed 81,453 rich equivalence classes for further processing
[2022-07-05 15:35:53.828] [jointLog] [info] Counted 2,558,349 total reads in the equivalence classes 
[2022-07-05 15:35:53.833] [jointLog] [warning] 0.0728649% of fragments were shorter than the k used to build the index.
If this fraction is too large, consider re-building the index with a smaller k.
The minimum read size found was 20.


[2022-07-05 15:35:53.833] [jointLog] [info] Number of mappings discarded because of alignment score : 15,579,348
[2022-07-05 15:35:53.833] [jointLog] [info] Number of fragments entirely discarded because of alignment score : 513,409
[2022-07-05 15:35:53.833] [jointLog] [info] Number of fragments discarded because they are best-mapped to decoys : 0
[2022-07-05 15:35:53.833] [jointLog] [info] Number of fragments discarded because they have only dovetail (discordant) mappings to valid targets : 208,884
[2022-07-05 15:35:53.837] [jointLog] [warning] Only 2558349 fragments were mapped, but the number of burn-in fragments was set to 5000000.
The effective lengths have been computed using the observed mappings.

[2022-07-05 15:35:53.837] [jointLog] [info] Mapping rate = 78.9889%

[2022-07-05 15:35:53.837] [jointLog] [info] finished quantifyLibrary()
[2022-07-05 15:35:53.839] [jointLog] [info] Starting optimizer
[2022-07-05 15:35:53.870] [jointLog] [info] Marked 0 weighted equivalence classes as degenerate
[2022-07-05 15:35:53.873] [jointLog] [info] iteration = 0 | max rel diff. = 3849
[2022-07-05 15:35:53.829] [fileLog] [info] 
At end of round 0
==================
Observed 3238873 total fragments (3238873 in most recent round)

[2022-07-05 15:35:54.152] [jointLog] [info] iteration = 100 | max rel diff. = 1.65313e-05
[2022-07-05 15:35:54.159] [jointLog] [info] Finished optimizer
[2022-07-05 15:35:54.159] [jointLog] [info] writing output 

[2022-07-05 15:35:54.247] [jointLog] [warning] NOTE: Read Lib [[ /camp/lab/langhornej/working/HPC/littlet/tl22-01_vivaxDeNovo/bbduk/all_files/ERX2560129_ERR2541711_rR_rRNAdep.fq.1.gz, /camp/lab/langhornej/working/HPC/littlet/tl22-01_vivaxDeNovo/bbduk/all_files/ERX2560129_ERR2541711_rR_rRNAdep.fq.2.gz]] :

Detected a *potential* strand bias > 1% in an unstranded protocol check the file: /camp/lab/langhornej/working/HPC/littlet/tl22-01_vivaxDeNovo/salmon/all_files/ERX2560129_ERR2541711/ERX2560129_ERR2541711_quant/lib_format_counts.json for details

