[2022-07-04 19:49:20.480] [jointLog] [info] setting maxHashResizeThreads to 8
[2022-07-04 19:49:20.480] [jointLog] [info] Fragment incompatibility prior below threshold.  Incompatible fragments will be ignored.
[2022-07-04 19:49:20.480] [jointLog] [info] Usage of --validateMappings implies use of minScoreFraction. Since not explicitly specified, it is being set to 0.65
[2022-07-04 19:49:20.480] [jointLog] [info] Setting consensusSlack to selective-alignment default of 0.35.
[2022-07-04 19:49:20.480] [jointLog] [info] parsing read library format
[2022-07-04 19:49:20.480] [jointLog] [info] There is 1 library.
[2022-07-04 19:49:20.492] [jointLog] [info] Loading pufferfish index
[2022-07-04 19:49:20.499] [jointLog] [info] Loading dense pufferfish index.
[2022-07-04 19:49:22.166] [jointLog] [info] done
[2022-07-04 19:49:22.246] [jointLog] [info] Index contained 17,027 targets
[2022-07-04 19:49:22.250] [jointLog] [info] Number of decoys : 0
[2022-07-04 19:49:24.780] [jointLog] [info] Thread saw mini-batch with a maximum of 43.72% zero probability fragments
[2022-07-04 19:49:24.780] [jointLog] [info] Thread saw mini-batch with a maximum of 43.24% zero probability fragments
[2022-07-04 19:49:24.780] [jointLog] [info] Thread saw mini-batch with a maximum of 43.24% zero probability fragments
[2022-07-04 19:49:24.792] [jointLog] [info] Thread saw mini-batch with a maximum of 44.62% zero probability fragments
[2022-07-04 19:49:24.792] [jointLog] [info] Thread saw mini-batch with a maximum of 43.22% zero probability fragments
[2022-07-04 19:49:24.793] [jointLog] [info] Thread saw mini-batch with a maximum of 44.10% zero probability fragments
[2022-07-04 19:49:24.807] [jointLog] [info] Thread saw mini-batch with a maximum of 43.44% zero probability fragments
[2022-07-04 19:49:24.808] [jointLog] [info] Thread saw mini-batch with a maximum of 43.40% zero probability fragments
[2022-07-04 19:49:24.858] [jointLog] [info] Computed 8,356 rich equivalence classes for further processing
[2022-07-04 19:49:24.858] [jointLog] [info] Counted 460,271 total reads in the equivalence classes 
[2022-07-04 19:49:24.863] [jointLog] [info] Number of mappings discarded because of alignment score : 61,164
[2022-07-04 19:49:24.863] [jointLog] [info] Number of fragments entirely discarded because of alignment score : 27,657
[2022-07-04 19:49:24.863] [jointLog] [info] Number of fragments discarded because they are best-mapped to decoys : 0
[2022-07-04 19:49:24.863] [jointLog] [info] Number of fragments discarded because they have only dovetail (discordant) mappings to valid targets : 18,129
[2022-07-04 19:49:24.865] [jointLog] [warning] Only 460271 fragments were mapped, but the number of burn-in fragments was set to 5000000.
The effective lengths have been computed using the observed mappings.

[2022-07-04 19:49:24.865] [jointLog] [info] Mapping rate = 48.6%

[2022-07-04 19:49:24.866] [jointLog] [info] finished quantifyLibrary()
[2022-07-04 19:49:24.869] [jointLog] [info] Starting optimizer
[2022-07-04 19:49:24.876] [jointLog] [info] Marked 0 weighted equivalence classes as degenerate
[2022-07-04 19:49:24.877] [jointLog] [info] iteration = 0 | max rel diff. = 2232.28
[2022-07-04 19:49:24.932] [jointLog] [info] iteration = 100 | max rel diff. = 0.000629592
[2022-07-04 19:49:24.935] [jointLog] [info] Finished optimizer
[2022-07-04 19:49:24.935] [jointLog] [info] writing output 

[2022-07-04 19:49:24.859] [fileLog] [info] 
At end of round 0
==================
Observed 947059 total fragments (947059 in most recent round)

