[2022-07-04 19:49:39.195] [jointLog] [info] setting maxHashResizeThreads to 8
[2022-07-04 19:49:39.195] [jointLog] [info] Fragment incompatibility prior below threshold.  Incompatible fragments will be ignored.
[2022-07-04 19:49:39.195] [jointLog] [info] Usage of --validateMappings implies use of minScoreFraction. Since not explicitly specified, it is being set to 0.65
[2022-07-04 19:49:39.195] [jointLog] [info] Setting consensusSlack to selective-alignment default of 0.35.
[2022-07-04 19:49:39.195] [jointLog] [info] parsing read library format
[2022-07-04 19:49:39.195] [jointLog] [info] There is 1 library.
[2022-07-04 19:49:39.200] [jointLog] [info] Loading pufferfish index
[2022-07-04 19:49:39.201] [jointLog] [info] Loading dense pufferfish index.
[2022-07-04 19:49:40.724] [jointLog] [info] done
[2022-07-04 19:49:40.764] [jointLog] [info] Index contained 25,129 targets
[2022-07-04 19:49:40.770] [jointLog] [info] Number of decoys : 0
[2022-07-04 19:49:42.937] [jointLog] [info] Thread saw mini-batch with a maximum of 47.52% zero probability fragments
[2022-07-04 19:49:42.937] [jointLog] [info] Thread saw mini-batch with a maximum of 47.28% zero probability fragments
[2022-07-04 19:49:42.937] [jointLog] [info] Thread saw mini-batch with a maximum of 47.02% zero probability fragments
[2022-07-04 19:49:42.944] [jointLog] [info] Thread saw mini-batch with a maximum of 46.62% zero probability fragments
[2022-07-04 19:49:42.946] [jointLog] [info] Thread saw mini-batch with a maximum of 47.24% zero probability fragments
[2022-07-04 19:49:42.949] [jointLog] [info] Thread saw mini-batch with a maximum of 47.98% zero probability fragments
[2022-07-04 19:49:42.953] [jointLog] [info] Thread saw mini-batch with a maximum of 47.32% zero probability fragments
[2022-07-04 19:49:42.970] [jointLog] [info] Thread saw mini-batch with a maximum of 47.14% zero probability fragments
[2022-07-04 19:49:43.017] [jointLog] [info] Computed 9,010 rich equivalence classes for further processing
[2022-07-04 19:49:43.017] [jointLog] [info] Counted 316,122 total reads in the equivalence classes 
[2022-07-04 19:49:43.021] [jointLog] [info] Number of mappings discarded because of alignment score : 99,114
[2022-07-04 19:49:43.021] [jointLog] [info] Number of fragments entirely discarded because of alignment score : 24,417
[2022-07-04 19:49:43.021] [jointLog] [info] Number of fragments discarded because they are best-mapped to decoys : 0
[2022-07-04 19:49:43.021] [jointLog] [info] Number of fragments discarded because they have only dovetail (discordant) mappings to valid targets : 13,424
[2022-07-04 19:49:43.023] [jointLog] [warning] Only 316122 fragments were mapped, but the number of burn-in fragments was set to 5000000.
The effective lengths have been computed using the observed mappings.

[2022-07-04 19:49:43.023] [jointLog] [info] Mapping rate = 46.0341%

[2022-07-04 19:49:43.023] [jointLog] [info] finished quantifyLibrary()
[2022-07-04 19:49:43.036] [jointLog] [info] Starting optimizer
[2022-07-04 19:49:43.044] [jointLog] [info] Marked 0 weighted equivalence classes as degenerate
[2022-07-04 19:49:43.045] [jointLog] [info] iteration = 0 | max rel diff. = 1109.98
[2022-07-04 19:49:43.131] [jointLog] [info] iteration = 100 | max rel diff. = 2.09495e-12
[2022-07-04 19:49:43.133] [jointLog] [info] Finished optimizer
[2022-07-04 19:49:43.133] [jointLog] [info] writing output 

[2022-07-04 19:49:43.018] [fileLog] [info] 
At end of round 0
==================
Observed 686713 total fragments (686713 in most recent round)

