[2022-07-04 20:06:21.170] [jointLog] [info] setting maxHashResizeThreads to 8
[2022-07-04 20:06:21.170] [jointLog] [info] Fragment incompatibility prior below threshold.  Incompatible fragments will be ignored.
[2022-07-04 20:06:21.170] [jointLog] [info] Usage of --validateMappings implies use of minScoreFraction. Since not explicitly specified, it is being set to 0.65
[2022-07-04 20:06:21.170] [jointLog] [info] Setting consensusSlack to selective-alignment default of 0.35.
[2022-07-04 20:06:21.170] [jointLog] [info] parsing read library format
[2022-07-04 20:06:21.170] [jointLog] [info] There is 1 library.
[2022-07-04 20:06:21.186] [jointLog] [info] Loading pufferfish index
[2022-07-04 20:06:21.196] [jointLog] [info] Loading dense pufferfish index.
[2022-07-04 20:06:23.803] [jointLog] [info] done
[2022-07-04 20:06:23.882] [jointLog] [info] Index contained 17,896 targets
[2022-07-04 20:06:23.887] [jointLog] [info] Number of decoys : 0
[2022-07-04 20:06:24.307] [jointLog] [info] Automatically detected most likely library type as U

[2022-07-04 20:07:30.800] [jointLog] [info] Computed 44,124 rich equivalence classes for further processing
[2022-07-04 20:07:30.800] [jointLog] [info] Counted 30,917,142 total reads in the equivalence classes 
[2022-07-04 20:07:30.807] [jointLog] [warning] 0.00603822% of fragments were shorter than the k used to build the index.
If this fraction is too large, consider re-building the index with a smaller k.
The minimum read size found was 15.


[2022-07-04 20:07:30.807] [jointLog] [info] Number of mappings discarded because of alignment score : 49,972,660
[2022-07-04 20:07:30.807] [jointLog] [info] Number of fragments entirely discarded because of alignment score : 280,153
[2022-07-04 20:07:30.807] [jointLog] [info] Number of fragments discarded because they are best-mapped to decoys : 0
[2022-07-04 20:07:30.807] [jointLog] [info] Number of fragments discarded because they have only dovetail (discordant) mappings to valid targets : 0
[2022-07-04 20:07:30.807] [jointLog] [info] Mapping rate = 91.6018%

[2022-07-04 20:07:30.807] [jointLog] [info] finished quantifyLibrary()
[2022-07-04 20:07:30.833] [jointLog] [info] Starting optimizer
[2022-07-04 20:07:30.843] [jointLog] [info] Marked 0 weighted equivalence classes as degenerate
[2022-07-04 20:07:30.845] [jointLog] [info] iteration = 0 | max rel diff. = 16254.7
[2022-07-04 20:07:30.801] [fileLog] [info] 
At end of round 0
==================
Observed 33751680 total fragments (33751680 in most recent round)

[2022-07-04 20:07:31.039] [jointLog] [info] iteration = 100 | max rel diff. = 0.0175708
[2022-07-04 20:07:31.070] [jointLog] [info] iteration = 117 | max rel diff. = 0.00974757
[2022-07-04 20:07:31.070] [jointLog] [info] Finished optimizer
[2022-07-04 20:07:31.070] [jointLog] [info] writing output 

