[2022-07-04 19:49:34.764] [jointLog] [info] setting maxHashResizeThreads to 8
[2022-07-04 19:49:34.764] [jointLog] [info] Fragment incompatibility prior below threshold.  Incompatible fragments will be ignored.
[2022-07-04 19:49:34.764] [jointLog] [info] Usage of --validateMappings implies use of minScoreFraction. Since not explicitly specified, it is being set to 0.65
[2022-07-04 19:49:34.764] [jointLog] [info] Setting consensusSlack to selective-alignment default of 0.35.
[2022-07-04 19:49:34.764] [jointLog] [info] parsing read library format
[2022-07-04 19:49:34.764] [jointLog] [info] There is 1 library.
[2022-07-04 19:49:34.774] [jointLog] [info] Loading pufferfish index
[2022-07-04 19:49:34.775] [jointLog] [info] Loading dense pufferfish index.
[2022-07-04 19:49:36.661] [jointLog] [info] done
[2022-07-04 19:49:36.737] [jointLog] [info] Index contained 18,115 targets
[2022-07-04 19:49:36.741] [jointLog] [info] Number of decoys : 0
[2022-07-04 19:49:38.477] [jointLog] [info] Thread saw mini-batch with a maximum of 38.94% zero probability fragments
[2022-07-04 19:49:38.477] [jointLog] [info] Thread saw mini-batch with a maximum of 38.06% zero probability fragments
[2022-07-04 19:49:38.477] [jointLog] [info] Thread saw mini-batch with a maximum of 37.78% zero probability fragments
[2022-07-04 19:49:38.484] [jointLog] [info] Thread saw mini-batch with a maximum of 37.84% zero probability fragments
[2022-07-04 19:49:38.491] [jointLog] [info] Thread saw mini-batch with a maximum of 37.92% zero probability fragments
[2022-07-04 19:49:38.493] [jointLog] [info] Thread saw mini-batch with a maximum of 39.39% zero probability fragments
[2022-07-04 19:49:38.498] [jointLog] [info] Thread saw mini-batch with a maximum of 38.00% zero probability fragments
[2022-07-04 19:49:38.506] [jointLog] [info] Thread saw mini-batch with a maximum of 38.02% zero probability fragments
[2022-07-04 19:49:38.550] [jointLog] [info] Computed 5,758 rich equivalence classes for further processing
[2022-07-04 19:49:38.550] [jointLog] [info] Counted 269,190 total reads in the equivalence classes 
[2022-07-04 19:49:38.554] [jointLog] [info] Number of mappings discarded because of alignment score : 96,326
[2022-07-04 19:49:38.554] [jointLog] [info] Number of fragments entirely discarded because of alignment score : 31,179
[2022-07-04 19:49:38.554] [jointLog] [info] Number of fragments discarded because they are best-mapped to decoys : 0
[2022-07-04 19:49:38.554] [jointLog] [info] Number of fragments discarded because they have only dovetail (discordant) mappings to valid targets : 24,077
[2022-07-04 19:49:38.556] [jointLog] [warning] Only 269190 fragments were mapped, but the number of burn-in fragments was set to 5000000.
The effective lengths have been computed using the observed mappings.

[2022-07-04 19:49:38.556] [jointLog] [info] Mapping rate = 46.228%

[2022-07-04 19:49:38.556] [jointLog] [info] finished quantifyLibrary()
[2022-07-04 19:49:38.559] [jointLog] [info] Starting optimizer
[2022-07-04 19:49:38.564] [jointLog] [info] Marked 0 weighted equivalence classes as degenerate
[2022-07-04 19:49:38.565] [jointLog] [info] iteration = 0 | max rel diff. = 1195.36
[2022-07-04 19:49:38.626] [jointLog] [info] iteration = 100 | max rel diff. = 3.34509e-11
[2022-07-04 19:49:38.626] [jointLog] [info] Finished optimizer
[2022-07-04 19:49:38.626] [jointLog] [info] writing output 

[2022-07-04 19:49:38.551] [fileLog] [info] 
At end of round 0
==================
Observed 582310 total fragments (582310 in most recent round)

